{"numTotalTestSuites":47,"numPassedTestSuites":22,"numFailedTestSuites":25,"numPendingTestSuites":0,"numTotalTests":306,"numPassedTests":230,"numFailedTests":76,"numPendingTests":0,"numTodoTests":0,"snapshot":{"added":0,"failure":false,"filesAdded":0,"filesRemoved":0,"filesRemovedList":[],"filesUnmatched":0,"filesUpdated":0,"matched":0,"total":0,"unchecked":0,"uncheckedKeysByFile":[],"unmatched":0,"updated":0,"didUpdate":false},"startTime":1774498141202,"success":false,"testResults":[{"assertionResults":[{"ancestorTitles":["Base64Image"],"fullName":"Base64Image renders without crashing","status":"passed","title":"renders without crashing","duration":62.897833999999875,"failureMessages":[],"meta":{}},{"ancestorTitles":["Base64Image"],"fullName":"Base64Image displays file upload input","status":"passed","title":"displays file upload input","duration":292.31383300000016,"failureMessages":[],"meta":{}},{"ancestorTitles":["Base64Image"],"fullName":"Base64Image displays base64 textarea","status":"passed","title":"displays base64 textarea","duration":32.793957999999975,"failureMessages":[],"meta":{}},{"ancestorTitles":["Base64Image"],"fullName":"Base64Image displays base64 input section","status":"failed","title":"displays base64 input section","duration":7.721250000000055,"failureMessages":["TestingLibraryElementError: Unable to find an element with the text: /enter.*base64/i. This could be because the text is broken up by multiple elements. In this case, you can provide a function for your text matcher to make your matcher more flexible.\n\nIgnored nodes: comments, script, style\n\u001b[36m<body>\u001b[39m\n  \u001b[36m<div>\u001b[39m\n    \u001b[36m<div\u001b[39m\n      \u001b[33mclass\u001b[39m=\u001b[32m\"h-full flex flex-col p-6 bg-gray-50\"\u001b[39m\n    \u001b[36m>\u001b[39m\n      \u001b[36m<div\u001b[39m\n        \u001b[33mclass\u001b[39m=\u001b[32m\"mb-6\"\u001b[39m\n      \u001b[36m>\u001b[39m\n        \u001b[36m<h3\u001b[39m\n          \u001b[33mclass\u001b[39m=\u001b[32m\"text-lg font-semibold text-gray-900 mb-2\"\u001b[39m\n        \u001b[36m>\u001b[39m\n          \u001b[0mBase64 Image Encoder/Decoder\u001b[0m\n        \u001b[36m</h3>\u001b[39m\n        \u001b[36m<p\u001b[39m\n          \u001b[33mclass\u001b[39m=\u001b[32m\"text-sm text-gray-600\"\u001b[39m\n        \u001b[36m>\u001b[39m\n          \u001b[0mConvert images to base64 strings or decode base64 strings to images. Perfect for embedding images in CSS or HTML.\u001b[0m\n        \u001b[36m</p>\u001b[39m\n      \u001b[36m</div>\u001b[39m\n      \u001b[36m<div\u001b[39m\n        \u001b[33mclass\u001b[39m=\u001b[32m\"flex gap-3 mb-6\"\u001b[39m\n      \u001b[36m>\u001b[39m\n        \u001b[36m<button\u001b[39m\n          \u001b[33mclass\u001b[39m=\u001b[32m\"px-4 py-2 bg-blue-600 text-white rounded-lg hover:bg-blue-700 font-medium transition-colors flex items-center gap-2\"\u001b[39m\n        \u001b[36m>\u001b[39m\n          \u001b[36m<svg\u001b[39m\n            \u001b[33maria-hidden\u001b[39m=\u001b[32m\"true\"\u001b[39m\n            \u001b[33mclass\u001b[39m=\u001b[32m\"lucide lucide-upload w-4 h-4\"\u001b[39m\n            \u001b[33mfill\u001b[39m=\u001b[32m\"none\"\u001b[39m\n            \u001b[33mheight\u001b[39m=\u001b[32m\"24\"\u001b[39m\n            \u001b[33mstroke\u001b[39m=\u001b[32m\"currentColor\"\u001b[39m\n            \u001b[33mstroke-linecap\u001b[39m=\u001b[32m\"round\"\u001b[39m\n            \u001b[33mstroke-linejoin\u001b[39m=\u001b[32m\"round\"\u001b[39m\n            \u001b[33mstroke-width\u001b[39m=\u001b[32m\"2\"\u001b[39m\n            \u001b[33mviewBox\u001b[39m=\u001b[32m\"0 0 24 24\"\u001b[39m\n            \u001b[33mwidth\u001b[39m=\u001b[32m\"24\"\u001b[39m\n            \u001b[33mxmlns\u001b[39m=\u001b[32m\"http://www.w3.org/2000/svg\"\u001b[39m\n          \u001b[36m>\u001b[39m\n            \u001b[36m<path\u001b[39m\n              \u001b[33md\u001b[39m=\u001b[32m\"M12 3v12\"\u001b[39m\n            \u001b[36m/>\u001b[39m\n            \u001b[36m<path\u001b[39m\n              \u001b[33md\u001b[39m=\u001b[32m\"m17 8-5-5-5 5\"\u001b[39m\n            \u001b[36m/>\u001b[39m\n            \u001b[36m<path\u001b[39m\n              \u001b[33md\u001b[39m=\u001b[32m\"M21 15v4a2 2 0 0 1-2 2H5a2 2 0 0 1-2-2v-4\"\u001b[39m\n            \u001b[36m/>\u001b[39m\n          \u001b[36m</svg>\u001b[39m\n          \u001b[0mUpload Image\u001b[0m\n        \u001b[36m</button>\u001b[39m\n        \u001b[36m<input\u001b[39m\n          \u001b[33maccept\u001b[39m=\u001b[32m\"image/*\"\u001b[39m\n          \u001b[33mclass\u001b[39m=\u001b[32m\"hidden\"\u001b[39m\n          \u001b[33mtype\u001b[39m=\u001b[32m\"file\"\u001b[39m\n        \u001b[36m/>\u001b[39m\n        \u001b[36m<button\u001b[39m\n          \u001b[33mclass\u001b[39m=\u001b[32m\"px-4 py-2 bg-gray-200 text-gray-700 rounded-lg hover:bg-gray-300 font-medium transition-colors flex items-center gap-2\"\u001b[39m\n        \u001b[36m>\u001b[39m\n          \u001b[36m<svg\u001b[39m\n            \u001b[33maria-hidden\u001b[39m=\u001b[32m\"true\"\u001b[39m\n            \u001b[33mclass\u001b[39m=\u001b[32m\"lucide lucide-refresh-cw w-4 h-4\"\u001b[39m\n            \u001b[33mfill\u001b[39m=\u001b[32m\"none\"\u001b[39m\n            \u001b[33mheight\u001b[39m=\u001b[32m\"24\"\u001b[39m\n            \u001b[33mstroke\u001b[39m=\u001b[32m\"currentColor\"\u001b[39m\n            \u001b[33mstroke-linecap\u001b[39m=\u001b[32m\"round\"\u001b[39m\n            \u001b[33mstroke-linejoin\u001b[39m=\u001b[32m\"round\"\u001b[39m\n            \u001b[33mstroke-width\u001b[39m=\u001b[32m\"2\"\u001b[39m\n            \u001b[33mviewBox\u001b[39m=\u001b[32m\"0 0 24 24\"\u001b[39m\n            \u001b[33mwidth\u001b[39m=\u001b[32m\"24\"\u001b[39m\n            \u001b[33mxmlns\u001b[39m=\u001b[32m\"http://www.w3.org/2000/svg\"\u001b[39m\n          \u001b[36m>\u001b[39m\n            \u001b[36m<path\u001b[39m\n              \u001b[33md\u001b[39m=\u001b[32m\"M3 12a9 9 0 0 1 9-9 9.75 9.75 0 0 1 6.74 2.74L21 8\"\u001b[39m\n            \u001b[36m/>\u001b[39m\n            \u001b[36m<path\u001b[39m\n              \u001b[33md\u001b[39m=\u001b[32m\"M21 3v5h-5\"\u001b[39m\n            \u001b[36m/>\u001b[39m\n            \u001b[36m<path\u001b[39m\n              \u001b[33md\u001b[39m=\u001b[32m\"M21 12a9 9 0 0 1-9 9 9.75 9.75 0 0 1-6.74-2.74L3 16\"\u001b[39m\n            \u001b[36m/>\u001b[39m\n            \u001b[36m<path\u001b[39m\n              \u001b[33md\u001b[39m=\u001b[32m\"M8 16H3v5\"\u001b[39m\n            \u001b[36m/>\u001b[39m\n          \u001b[36m</svg>\u001b[39m\n          \u001b[0mReset\u001b[0m\n        \u001b[36m</button>\u001b[39m\n      \u001b[36m</div>\u001b[39m\n      \u001b[36m<div\u001b[39m\n        \u001b[33mclass\u001b[39m=\u001b[32m\"flex-1 grid grid-cols-2 gap-6 overflow-hidden\"\u001b[39m\n      \u001b[36m>\u001b[39m\n        \u001b[36m<div\u001b[39m\n          \u001b[33mclass\u001b[39m=\u001b[32m\"flex flex-col bg-white rounded-lg border border-gray-300 overflow-hidden shadow-sm\"\u001b[39m\n        \u001b[36m>\u001b[39m\n          \u001b[36m<div\u001b[39m\n            \u001b[33mclass\u001b[39m=\u001b[32m\"px-4 py-3 border-b border-gray-200 bg-gray-50 flex items-center justify-between\"\u001b[39m\n          \u001b[36m>\u001b[39m\n            \u001b[36m<label\u001b[39m\n              \u001b[33mclass\u001b[39m=\u001b[32m\"text-sm font-medium text-gray-700\"\u001b[39m\n            \u001b[36m>\u001b[39m\n              \u001b[0mBase64 String\u001b[0m\n            \u001b[36m</label>\u001b[39m\n          \u001b[36m</div>\u001b[39m\n          \u001b[36m<textarea\u001b[39m\n            \u001b[33mclass\u001b[39m=\u001b[32m\"flex-1 p-4 font-mono text-xs resize-none focus:outline-none\"\u001b[39m\n            \u001b[33mplaceholder\u001b[39m=\u001b[32m\"Paste base64 string here or upload an image...\"\u001b[39m\n          \u001b[36m/>\u001b[39m\n        \u001b[36m</div>\u001b[39m\n        \u001b[36m<div\u001b[39m\n          \u001b[33mclass\u001b[39m=\u001b[32m\"flex flex-col bg-white rounded-lg border border-gray-300 overflow-hidden shadow-sm\"\u001b[39m\n        \u001b[36m>\u001b[39m\n          \u001b[36m<div\u001b[39m\n            \u001b[33mclass\u001b[39m=\u001b[32m\"px-4 py-3 border-b border-gray-200 bg-gray-50\"\u001b[39m\n          \u001b[36m>\u001b[39m\n            \u001b[36m<label\u001b[39m\n              \u001b[33mclass\u001b[39m=\u001b[32m\"text-sm font-medium text-gray-700\"\u001b[39m\n            \u001b[36m>\u001b[39m\n              \u001b[0mImage Preview\u001b[0m\n            \u001b[36m</label>\u001b[39m\n          \u001b[36m</div>\u001b[39m\n          \u001b[36m<div\u001b[39m\n            \u001b[33mclass\u001b[39m=\u001b[32m\"flex-1 p-4 flex items-center justify-center overflow-auto bg-gray-50\"\u001b[39m\n          \u001b[36m>\u001b[39m\n            \u001b[36m<p\u001b[39m\n              \u001b[33mclass\u001b[39m=\u001b[32m\"text-gray-400 text-sm\"\u001b[39m\n            \u001b[36m>\u001b[39m\n              \u001b[0mNo image to preview\u001b[0m\n            \u001b[36m</p>\u001b[39m\n          \u001b[36m</div>\u001b[39m\n        \u001b[36m</div>\u001b[39m\n      \u001b[36m</div>\u001b[39m\n      \u001b[36m<div\u001b[39m\n        \u001b[33mclass\u001b[39m=\u001b[32m\"mt-6 p-4 bg-blue-50 border border-blue-200 rounded-lg\"\u001b[39m\n      \u001b[36m>\u001b[39m\n        \u001b[36m<p\u001b[39m\n          \u001b[33mclass\u001b[39m=\u001b[32m\"text-xs font-semibold text-blue-900 mb-2\"\u001b[39m\n        \u001b[36m>\u001b[39m\n          \u001b[0mSupported Features:\u001b[0m\n        \u001b[36m</p>\u001b[39m\n        \u001b[36m<ul\u001b[39m\n          \u001b[33mclass\u001b[39m=\u001b[32m\"text-xs text-blue-800 space-y-1\"\u001b[39m\n        \u001b[36m>\u001b[39m\n          \u001b[36m<li>\u001b[39m\n            \u001b[0m✓ Encode images to base64\u001b[0m\n          \u001b[36m</li>\u001b[39m\n          \u001b[36m<li>\u001b[39m\n            \u001b[0m✓ Decode base64 to images\u001b[0m\n          \u001b[36m</li>\u001b[39m\n          \u001b[36m<li>\u001b[39m\n            \u001b[0m✓ Supports all common image formats (PNG, JPG, GIF, SVG, WebP)\u001b[0m\n          \u001b[36m</li>\u001b[39m\n          \u001b[36m<li>\u001b[39m\n            \u001b[0m✓ Copy base64 string to clipboard\u001b[0m\n          \u001b[36m</li>\u001b[39m\n          \u001b[36m<li>\u001b[39m\n            \u001b[0m✓ Download decoded images\u001b[0m\n          \u001b[36m</li>\u001b[39m\n        \u001b[36m</ul>\u001b[39m\n      \u001b[36m</div>\u001b[39m\n    \u001b[36m</div>\u001b[39m\n  \u001b[36m</div>\u001b[39m\n\u001b[36m</body>\u001b[39m\n    at Object.getElementError (/Users/dailh/Desktop/code/electron/app/node_modules/@testing-library/dom/dist/config.js:37:19)\n    at /Users/dailh/Desktop/code/electron/app/node_modules/@testing-library/dom/dist/query-helpers.js:76:38\n    at /Users/dailh/Desktop/code/electron/app/node_modules/@testing-library/dom/dist/query-helpers.js:52:17\n    at /Users/dailh/Desktop/code/electron/app/node_modules/@testing-library/dom/dist/query-helpers.js:95:19\n    at /Users/dailh/Desktop/code/electron/app/src/test/Base64Image.test.tsx:37:19\n    at file:///Users/dailh/Desktop/code/electron/app/node_modules/@vitest/runner/dist/index.js:145:11\n    at file:///Users/dailh/Desktop/code/electron/app/node_modules/@vitest/runner/dist/index.js:915:26\n    at file:///Users/dailh/Desktop/code/electron/app/node_modules/@vitest/runner/dist/index.js:1243:20\n    at new Promise (<anonymous>)\n    at runWithTimeout (file:///Users/dailh/Desktop/code/electron/app/node_modules/@vitest/runner/dist/index.js:1209:10)"],"meta":{}},{"ancestorTitles":["Base64Image"],"fullName":"Base64Image copies base64 to clipboard","status":"passed","title":"copies base64 to clipboard","duration":178.4415829999998,"failureMessages":[],"meta":{}},{"ancestorTitles":["Base64Image"],"fullName":"Base64Image displays image preview when valid base64 is entered","status":"passed","title":"displays image preview when valid base64 is entered","duration":29.686874999999873,"failureMessages":[],"meta":{}},{"ancestorTitles":["Base64Image"],"fullName":"Base64Image clears preview when base64 input is empty","status":"passed","title":"clears preview when base64 input is empty","duration":29.02975000000015,"failureMessages":[],"meta":{}},{"ancestorTitles":["Base64Image"],"fullName":"Base64Image handles file input change","status":"passed","title":"handles file input change","duration":33.55504199999996,"failureMessages":[],"meta":{}},{"ancestorTitles":["Base64Image"],"fullName":"Base64Image resets all values when reset button is clicked","status":"passed","title":"resets all values when reset button is clicked","duration":81.83575000000019,"failureMessages":[],"meta":{}},{"ancestorTitles":["Base64Image"],"fullName":"Base64Image displays helpful description","status":"passed","title":"displays helpful description","duration":9.03670800000009,"failureMessages":[],"meta":{}},{"ancestorTitles":["Base64Image"],"fullName":"Base64Image handles image preview toggle","status":"failed","title":"handles image preview toggle","duration":9.935375000000022,"failureMessages":["TestingLibraryElementError: Found multiple elements with the text: /preview/i\n\nHere are the matching elements:\n\nIgnored nodes: comments, script, style\n\u001b[36m<label\u001b[39m\n  \u001b[33mclass\u001b[39m=\u001b[32m\"text-sm font-medium text-gray-700\"\u001b[39m\n\u001b[36m>\u001b[39m\n  \u001b[0mImage Preview\u001b[0m\n\u001b[36m</label>\u001b[39m\n\nIgnored nodes: comments, script, style\n\u001b[36m<p\u001b[39m\n  \u001b[33mclass\u001b[39m=\u001b[32m\"text-gray-400 text-sm\"\u001b[39m\n\u001b[36m>\u001b[39m\n  \u001b[0mNo image to preview\u001b[0m\n\u001b[36m</p>\u001b[39m\n\n(If this is intentional, then use the `*AllBy*` variant of the query (like `queryAllByText`, `getAllByText`, or `findAllByText`)).\n\nIgnored nodes: comments, script, style\n\u001b[36m<body>\u001b[39m\n  \u001b[36m<div>\u001b[39m\n    \u001b[36m<div\u001b[39m\n      \u001b[33mclass\u001b[39m=\u001b[32m\"h-full flex flex-col p-6 bg-gray-50\"\u001b[39m\n    \u001b[36m>\u001b[39m\n      \u001b[36m<div\u001b[39m\n        \u001b[33mclass\u001b[39m=\u001b[32m\"mb-6\"\u001b[39m\n      \u001b[36m>\u001b[39m\n        \u001b[36m<h3\u001b[39m\n          \u001b[33mclass\u001b[39m=\u001b[32m\"text-lg font-semibold text-gray-900 mb-2\"\u001b[39m\n        \u001b[36m>\u001b[39m\n          \u001b[0mBase64 Image Encoder/Decoder\u001b[0m\n        \u001b[36m</h3>\u001b[39m\n        \u001b[36m<p\u001b[39m\n          \u001b[33mclass\u001b[39m=\u001b[32m\"text-sm text-gray-600\"\u001b[39m\n        \u001b[36m>\u001b[39m\n          \u001b[0mConvert images to base64 strings or decode base64 strings to images. Perfect for embedding images in CSS or HTML.\u001b[0m\n        \u001b[36m</p>\u001b[39m\n      \u001b[36m</div>\u001b[39m\n      \u001b[36m<div\u001b[39m\n        \u001b[33mclass\u001b[39m=\u001b[32m\"flex gap-3 mb-6\"\u001b[39m\n      \u001b[36m>\u001b[39m\n        \u001b[36m<button\u001b[39m\n          \u001b[33mclass\u001b[39m=\u001b[32m\"px-4 py-2 bg-blue-600 text-white rounded-lg hover:bg-blue-700 font-medium transition-colors flex items-center gap-2\"\u001b[39m\n        \u001b[36m>\u001b[39m\n          \u001b[36m<svg\u001b[39m\n            \u001b[33maria-hidden\u001b[39m=\u001b[32m\"true\"\u001b[39m\n            \u001b[33mclass\u001b[39m=\u001b[32m\"lucide lucide-upload w-4 h-4\"\u001b[39m\n            \u001b[33mfill\u001b[39m=\u001b[32m\"none\"\u001b[39m\n            \u001b[33mheight\u001b[39m=\u001b[32m\"24\"\u001b[39m\n            \u001b[33mstroke\u001b[39m=\u001b[32m\"currentColor\"\u001b[39m\n            \u001b[33mstroke-linecap\u001b[39m=\u001b[32m\"round\"\u001b[39m\n            \u001b[33mstroke-linejoin\u001b[39m=\u001b[32m\"round\"\u001b[39m\n            \u001b[33mstroke-width\u001b[39m=\u001b[32m\"2\"\u001b[39m\n            \u001b[33mviewBox\u001b[39m=\u001b[32m\"0 0 24 24\"\u001b[39m\n            \u001b[33mwidth\u001b[39m=\u001b[32m\"24\"\u001b[39m\n            \u001b[33mxmlns\u001b[39m=\u001b[32m\"http://www.w3.org/2000/svg\"\u001b[39m\n          \u001b[36m>\u001b[39m\n            \u001b[36m<path\u001b[39m\n              \u001b[33md\u001b[39m=\u001b[32m\"M12 3v12\"\u001b[39m\n            \u001b[36m/>\u001b[39m\n            \u001b[36m<path\u001b[39m\n              \u001b[33md\u001b[39m=\u001b[32m\"m17 8-5-5-5 5\"\u001b[39m\n            \u001b[36m/>\u001b[39m\n            \u001b[36m<path\u001b[39m\n              \u001b[33md\u001b[39m=\u001b[32m\"M21 15v4a2 2 0 0 1-2 2H5a2 2 0 0 1-2-2v-4\"\u001b[39m\n            \u001b[36m/>\u001b[39m\n          \u001b[36m</svg>\u001b[39m\n          \u001b[0mUpload Image\u001b[0m\n        \u001b[36m</button>\u001b[39m\n        \u001b[36m<input\u001b[39m\n          \u001b[33maccept\u001b[39m=\u001b[32m\"image/*\"\u001b[39m\n          \u001b[33mclass\u001b[39m=\u001b[32m\"hidden\"\u001b[39m\n          \u001b[33mtype\u001b[39m=\u001b[32m\"file\"\u001b[39m\n        \u001b[36m/>\u001b[39m\n        \u001b[36m<button\u001b[39m\n          \u001b[33mclass\u001b[39m=\u001b[32m\"px-4 py-2 bg-gray-200 text-gray-700 rounded-lg hover:bg-gray-300 font-medium transition-colors flex items-center gap-2\"\u001b[39m\n        \u001b[36m>\u001b[39m\n          \u001b[36m<svg\u001b[39m\n            \u001b[33maria-hidden\u001b[39m=\u001b[32m\"true\"\u001b[39m\n            \u001b[33mclass\u001b[39m=\u001b[32m\"lucide lucide-refresh-cw w-4 h-4\"\u001b[39m\n            \u001b[33mfill\u001b[39m=\u001b[32m\"none\"\u001b[39m\n            \u001b[33mheight\u001b[39m=\u001b[32m\"24\"\u001b[39m\n            \u001b[33mstroke\u001b[39m=\u001b[32m\"currentColor\"\u001b[39m\n            \u001b[33mstroke-linecap\u001b[39m=\u001b[32m\"round\"\u001b[39m\n            \u001b[33mstroke-linejoin\u001b[39m=\u001b[32m\"round\"\u001b[39m\n            \u001b[33mstroke-width\u001b[39m=\u001b[32m\"2\"\u001b[39m\n            \u001b[33mviewBox\u001b[39m=\u001b[32m\"0 0 24 24\"\u001b[39m\n            \u001b[33mwidth\u001b[39m=\u001b[32m\"24\"\u001b[39m\n            \u001b[33mxmlns\u001b[39m=\u001b[32m\"http://www.w3.org/2000/svg\"\u001b[39m\n          \u001b[36m>\u001b[39m\n            \u001b[36m<path\u001b[39m\n              \u001b[33md\u001b[39m=\u001b[32m\"M3 12a9 9 0 0 1 9-9 9.75 9.75 0 0 1 6.74 2.74L21 8\"\u001b[39m\n            \u001b[36m/>\u001b[39m\n            \u001b[36m<path\u001b[39m\n              \u001b[33md\u001b[39m=\u001b[32m\"M21 3v5h-5\"\u001b[39m\n            \u001b[36m/>\u001b[39m\n            \u001b[36m<path\u001b[39m\n              \u001b[33md\u001b[39m=\u001b[32m\"M21 12a9 9 0 0 1-9 9 9.75 9.75 0 0 1-6.74-2.74L3 16\"\u001b[39m\n            \u001b[36m/>\u001b[39m\n            \u001b[36m<path\u001b[39m\n              \u001b[33md\u001b[39m=\u001b[32m\"M8 16H3v5\"\u001b[39m\n            \u001b[36m/>\u001b[39m\n          \u001b[36m</svg>\u001b[39m\n          \u001b[0mReset\u001b[0m\n        \u001b[36m</button>\u001b[39m\n      \u001b[36m</div>\u001b[39m\n      \u001b[36m<div\u001b[39m\n        \u001b[33mclass\u001b[39m=\u001b[32m\"flex-1 grid grid-cols-2 gap-6 overflow-hidden\"\u001b[39m\n      \u001b[36m>\u001b[39m\n        \u001b[36m<div\u001b[39m\n          \u001b[33mclass\u001b[39m=\u001b[32m\"flex flex-col bg-white rounded-lg border border-gray-300 overflow-hidden shadow-sm\"\u001b[39m\n        \u001b[36m>\u001b[39m\n          \u001b[36m<div\u001b[39m\n            \u001b[33mclass\u001b[39m=\u001b[32m\"px-4 py-3 border-b border-gray-200 bg-gray-50 flex items-center justify-between\"\u001b[39m\n          \u001b[36m>\u001b[39m\n            \u001b[36m<label\u001b[39m\n              \u001b[33mclass\u001b[39m=\u001b[32m\"text-sm font-medium text-gray-700\"\u001b[39m\n            \u001b[36m>\u001b[39m\n              \u001b[0mBase64 String\u001b[0m\n            \u001b[36m</label>\u001b[39m\n          \u001b[36m</div>\u001b[39m\n          \u001b[36m<textarea\u001b[39m\n            \u001b[33mclass\u001b[39m=\u001b[32m\"flex-1 p-4 font-mono text-xs resize-none focus:outline-none\"\u001b[39m\n            \u001b[33mplaceholder\u001b[39m=\u001b[32m\"Paste base64 string here or upload an image...\"\u001b[39m\n          \u001b[36m/>\u001b[39m\n        \u001b[36m</div>\u001b[39m\n        \u001b[36m<div\u001b[39m\n          \u001b[33mclass\u001b[39m=\u001b[32m\"flex flex-col bg-white rounded-lg border border-gray-300 overflow-hidden shadow-sm\"\u001b[39m\n        \u001b[36m>\u001b[39m\n          \u001b[36m<div\u001b[39m\n            \u001b[33mclass\u001b[39m=\u001b[32m\"px-4 py-3 border-b border-gray-200 bg-gray-50\"\u001b[39m\n          \u001b[36m>\u001b[39m\n            \u001b[36m<label\u001b[39m\n              \u001b[33mclass\u001b[39m=\u001b[32m\"text-sm font-medium text-gray-700\"\u001b[39m\n            \u001b[36m>\u001b[39m\n              \u001b[0mImage Preview\u001b[0m\n            \u001b[36m</label>\u001b[39m\n          \u001b[36m</div>\u001b[39m\n          \u001b[36m<div\u001b[39m\n            \u001b[33mclass\u001b[39m=\u001b[32m\"flex-1 p-4 flex items-center justify-center overflow-auto bg-gray-50\"\u001b[39m\n          \u001b[36m>\u001b[39m\n            \u001b[36m<p\u001b[39m\n              \u001b[33mclass\u001b[39m=\u001b[32m\"text-gray-400 text-sm\"\u001b[39m\n            \u001b[36m>\u001b[39m\n              \u001b[0mNo image to preview\u001b[0m\n            \u001b[36m</p>\u001b[39m\n          \u001b[36m</div>\u001b[39m\n        \u001b[36m</div>\u001b[39m\n      \u001b[36m</div>\u001b[39m\n      \u001b[36m<div\u001b[39m\n        \u001b[33mclass\u001b[39m=\u001b[32m\"mt-6 p-4 bg-blue-50 border border-blue-200 rounded-lg\"\u001b[39m\n      \u001b[36m>\u001b[39m\n        \u001b[36m<p\u001b[39m\n          \u001b[33mclass\u001b[39m=\u001b[32m\"text-xs font-semibold text-blue-900 mb-2\"\u001b[39m\n        \u001b[36m>\u001b[39m\n          \u001b[0mSupported Features:\u001b[0m\n        \u001b[36m</p>\u001b[39m\n        \u001b[36m<ul\u001b[39m\n          \u001b[33mclass\u001b[39m=\u001b[32m\"text-xs text-blue-800 space-y-1\"\u001b[39m\n        \u001b[36m>\u001b[39m\n          \u001b[36m<li>\u001b[39m\n            \u001b[0m✓ Encode images to base64\u001b[0m\n          \u001b[36m</li>\u001b[39m\n          \u001b[36m<li>\u001b[39m\n            \u001b[0m✓ Decode base64 to images\u001b[0m\n          \u001b[36m</li>\u001b[39m\n          \u001b[36m<li>\u001b[39m\n            \u001b[0m✓ Supports all common image formats (PNG, JPG, GIF, SVG, WebP)\u001b[0m\n          \u001b[36m</li>\u001b[39m\n          \u001b[36m<li>\u001b[39m\n            \u001b[0m✓ Copy base64 string to clipboard\u001b[0m\n          \u001b[36m</li>\u001b[39m\n          \u001b[36m<li>\u001b[39m\n            \u001b[0m✓ Download decoded images\u001b[0m\n          \u001b[36m</li>\u001b[39m\n        \u001b[36m</ul>\u001b[39m\n      \u001b[36m</div>\u001b[39m\n    \u001b[36m</div>\u001b[39m\n  \u001b[36m</div>\u001b[39m\n\u001b[36m</body>\u001b[39m\n    at Object.getElementError (/Users/dailh/Desktop/code/electron/app/node_modules/@testing-library/dom/dist/config.js:37:19)\n    at getElementError (/Users/dailh/Desktop/code/electron/app/node_modules/@testing-library/dom/dist/query-helpers.js:20:35)\n    at getMultipleElementsFoundError (/Users/dailh/Desktop/code/electron/app/node_modules/@testing-library/dom/dist/query-helpers.js:23:10)\n    at /Users/dailh/Desktop/code/electron/app/node_modules/@testing-library/dom/dist/query-helpers.js:55:13\n    at /Users/dailh/Desktop/code/electron/app/node_modules/@testing-library/dom/dist/query-helpers.js:95:19\n    at /Users/dailh/Desktop/code/electron/app/src/test/Base64Image.test.tsx:98:33\n    at file:///Users/dailh/Desktop/code/electron/app/node_modules/@vitest/runner/dist/index.js:145:11\n    at file:///Users/dailh/Desktop/code/electron/app/node_modules/@vitest/runner/dist/index.js:915:26\n    at file:///Users/dailh/Desktop/code/electron/app/node_modules/@vitest/runner/dist/index.js:1243:20\n    at new Promise (<anonymous>)"],"meta":{}},{"ancestorTitles":["Base64Image"],"fullName":"Base64Image shows download button when image is available","status":"passed","title":"shows download button when image is available","duration":56.060083000000304,"failureMessages":[],"meta":{}},{"ancestorTitles":["Base64Image"],"fullName":"Base64Image maintains file name when uploading","status":"failed","title":"maintains file name when uploading","duration":5007.1251250000005,"failureMessages":["Error: STACK_TRACE_ERROR\n    at task (file:///Users/dailh/Desktop/code/electron/app/node_modules/@vitest/runner/dist/index.js:796:27)\n    at Object.<anonymous> (file:///Users/dailh/Desktop/code/electron/app/node_modules/@vitest/runner/dist/index.js:823:16)\n    at Object.<anonymous> (file:///Users/dailh/Desktop/code/electron/app/node_modules/@vitest/runner/dist/index.js:615:28)\n    at chain (file:///Users/dailh/Desktop/code/electron/app/node_modules/@vitest/runner/dist/chunk-tasks.js:9:14)\n    at /Users/dailh/Desktop/code/electron/app/src/test/Base64Image.test.tsx:113:3\n    at file:///Users/dailh/Desktop/code/electron/app/node_modules/@vitest/runner/dist/index.js:901:40\n    at runWithSuite (file:///Users/dailh/Desktop/code/electron/app/node_modules/@vitest/runner/dist/index.js:1195:8)\n    at Object.collect (file:///Users/dailh/Desktop/code/electron/app/node_modules/@vitest/runner/dist/index.js:901:10)\n    at Object.collect (file:///Users/dailh/Desktop/code/electron/app/node_modules/@vitest/runner/dist/index.js:905:54)\n    at processTicksAndRejections (node:internal/process/task_queues:105:5)\n    at file:///Users/dailh/Desktop/code/electron/app/node_modules/@vitest/runner/dist/index.js:1390:26\n    at collectTests (file:///Users/dailh/Desktop/code/electron/app/node_modules/@vitest/runner/dist/index.js:1365:3)\n    at startTests (file:///Users/dailh/Desktop/code/electron/app/node_modules/@vitest/runner/dist/index.js:1937:17)\n    at file:///Users/dailh/Desktop/code/electron/app/node_modules/vitest/dist/chunks/base.CJ0Y4ePK.js:86:26\n    at run (file:///Users/dailh/Desktop/code/electron/app/node_modules/vitest/dist/chunks/base.CJ0Y4ePK.js:79:2)"],"meta":{}},{"ancestorTitles":["Base64Image"],"fullName":"Base64Image recognizes data URL format","status":"passed","title":"recognizes data URL format","duration":27.51091600000018,"failureMessages":[],"meta":{}},{"ancestorTitles":["Base64Image"],"fullName":"Base64Image handles base64 string without data URL prefix","status":"passed","title":"handles base64 string without data URL prefix","duration":21.86779200000001,"failureMessages":[],"meta":{}}],"startTime":1774498142984,"endTime":1774498148864.8677,"status":"failed","message":"","name":"/Users/dailh/Desktop/code/electron/app/src/test/Base64Image.test.tsx"},{"assertionResults":[{"ancestorTitles":["Base64Text"],"fullName":"Base64Text renders without crashing","status":"passed","title":"renders without crashing","duration":29.097917000000052,"failureMessages":[],"meta":{}},{"ancestorTitles":["Base64Text"],"fullName":"Base64Text starts in encode mode","status":"passed","title":"starts in encode mode","duration":163.47629200000006,"failureMessages":[],"meta":{}},{"ancestorTitles":["Base64Text"],"fullName":"Base64Text encodes plain text to base64","status":"passed","title":"encodes plain text to base64","duration":131.59470900000008,"failureMessages":[],"meta":{}},{"ancestorTitles":["Base64Text"],"fullName":"Base64Text produces empty output for blank input","status":"passed","title":"produces empty output for blank input","duration":97.24887500000011,"failureMessages":[],"meta":{}},{"ancestorTitles":["Base64Text"],"fullName":"Base64Text decodes a valid base64 string","status":"passed","title":"decodes a valid base64 string","duration":69.94412499999999,"failureMessages":[],"meta":{}},{"ancestorTitles":["Base64Text"],"fullName":"Base64Text shows an error for invalid base64 input","status":"passed","title":"shows an error for invalid base64 input","duration":64.169625,"failureMessages":[],"meta":{}},{"ancestorTitles":["Base64Text"],"fullName":"Base64Text swaps input and output when switching modes","status":"passed","title":"swaps input and output when switching modes","duration":71.51566700000012,"failureMessages":[],"meta":{}},{"ancestorTitles":["Base64Text"],"fullName":"Base64Text resets all fields when Reset is clicked","status":"passed","title":"resets all fields when Reset is clicked","duration":91.01495799999998,"failureMessages":[],"meta":{}},{"ancestorTitles":["Base64Text"],"fullName":"Base64Text copies output to clipboard when Copy is clicked","status":"passed","title":"copies output to clipboard when Copy is clicked","duration":106.20150000000012,"failureMessages":[],"meta":{}},{"ancestorTitles":["Base64Text"],"fullName":"Base64Text shows encoding stats when input and output are populated","status":"passed","title":"shows encoding stats when input and output are populated","duration":42.346542,"failureMessages":[],"meta":{}}],"startTime":1774498148733,"endTime":1774498149599.3464,"status":"passed","message":"","name":"/Users/dailh/Desktop/code/electron/app/src/test/Base64Text.test.tsx"},{"assertionResults":[{"ancestorTitles":["CertificateDecoder"],"fullName":"CertificateDecoder renders without crashing","status":"passed","title":"renders without crashing","duration":27.749208000000067,"failureMessages":[],"meta":{}},{"ancestorTitles":["CertificateDecoder"],"fullName":"CertificateDecoder displays certificate input textarea","status":"passed","title":"displays certificate input textarea","duration":164.960417,"failureMessages":[],"meta":{}},{"ancestorTitles":["CertificateDecoder"],"fullName":"CertificateDecoder displays reset button","status":"passed","title":"displays reset button","duration":43.68512499999997,"failureMessages":[],"meta":{}},{"ancestorTitles":["CertificateDecoder"],"fullName":"CertificateDecoder shows helpful description","status":"failed","title":"shows helpful description","duration":8.413332999999966,"failureMessages":["TestingLibraryElementError: Found multiple elements with the text: /decode.*certificate|certificate.*information/i\n\nHere are the matching elements:\n\nIgnored nodes: comments, script, style\n\u001b[36m<p\u001b[39m\n  \u001b[33mclass\u001b[39m=\u001b[32m\"text-sm text-gray-600\"\u001b[39m\n\u001b[36m>\u001b[39m\n  \u001b[0mDecode and inspect X.509 certificates. View certificate details including subject, issuer, validity period, and extensions.\u001b[0m\n\u001b[36m</p>\u001b[39m\n\nIgnored nodes: comments, script, style\n\u001b[36m<label\u001b[39m\n  \u001b[33mclass\u001b[39m=\u001b[32m\"text-sm font-medium text-gray-700\"\u001b[39m\n\u001b[36m>\u001b[39m\n  \u001b[0mCertificate Information\u001b[0m\n\u001b[36m</label>\u001b[39m\n\nIgnored nodes: comments, script, style\n\u001b[36m<p\u001b[39m\n  \u001b[33mclass\u001b[39m=\u001b[32m\"text-gray-400 text-sm\"\u001b[39m\n\u001b[36m>\u001b[39m\n  \u001b[0mCertificate information will appear here...\u001b[0m\n\u001b[36m</p>\u001b[39m\n\n(If this is intentional, then use the `*AllBy*` variant of the query (like `queryAllByText`, `getAllByText`, or `findAllByText`)).\n\nIgnored nodes: comments, script, style\n\u001b[36m<body>\u001b[39m\n  \u001b[36m<div>\u001b[39m\n    \u001b[36m<div\u001b[39m\n      \u001b[33mclass\u001b[39m=\u001b[32m\"h-full flex flex-col p-6 bg-gray-50\"\u001b[39m\n    \u001b[36m>\u001b[39m\n      \u001b[36m<div\u001b[39m\n        \u001b[33mclass\u001b[39m=\u001b[32m\"mb-6\"\u001b[39m\n      \u001b[36m>\u001b[39m\n        \u001b[36m<h3\u001b[39m\n          \u001b[33mclass\u001b[39m=\u001b[32m\"text-lg font-semibold text-gray-900 mb-2\"\u001b[39m\n        \u001b[36m>\u001b[39m\n          \u001b[0mCertificate Decoder\u001b[0m\n        \u001b[36m</h3>\u001b[39m\n        \u001b[36m<p\u001b[39m\n          \u001b[33mclass\u001b[39m=\u001b[32m\"text-sm text-gray-600\"\u001b[39m\n        \u001b[36m>\u001b[39m\n          \u001b[0mDecode and inspect X.509 certificates. View certificate details including subject, issuer, validity period, and extensions.\u001b[0m\n        \u001b[36m</p>\u001b[39m\n      \u001b[36m</div>\u001b[39m\n      \u001b[36m<div\u001b[39m\n        \u001b[33mclass\u001b[39m=\u001b[32m\"flex gap-3 mb-6\"\u001b[39m\n      \u001b[36m>\u001b[39m\n        \u001b[36m<button\u001b[39m\n          \u001b[33mclass\u001b[39m=\u001b[32m\"px-4 py-2 bg-blue-600 text-white rounded-lg hover:bg-blue-700 font-medium transition-colors flex items-center gap-2\"\u001b[39m\n        \u001b[36m>\u001b[39m\n          \u001b[0mDecode\u001b[0m\n        \u001b[36m</button>\u001b[39m\n        \u001b[36m<button\u001b[39m\n          \u001b[33mclass\u001b[39m=\u001b[32m\"px-4 py-2 bg-gray-200 text-gray-700 rounded-lg hover:bg-gray-300 font-medium transition-colors flex items-center gap-2\"\u001b[39m\n        \u001b[36m>\u001b[39m\n          \u001b[36m<svg\u001b[39m\n            \u001b[33maria-hidden\u001b[39m=\u001b[32m\"true\"\u001b[39m\n            \u001b[33mclass\u001b[39m=\u001b[32m\"lucide lucide-refresh-cw w-4 h-4\"\u001b[39m\n            \u001b[33mfill\u001b[39m=\u001b[32m\"none\"\u001b[39m\n            \u001b[33mheight\u001b[39m=\u001b[32m\"24\"\u001b[39m\n            \u001b[33mstroke\u001b[39m=\u001b[32m\"currentColor\"\u001b[39m\n            \u001b[33mstroke-linecap\u001b[39m=\u001b[32m\"round\"\u001b[39m\n            \u001b[33mstroke-linejoin\u001b[39m=\u001b[32m\"round\"\u001b[39m\n            \u001b[33mstroke-width\u001b[39m=\u001b[32m\"2\"\u001b[39m\n            \u001b[33mviewBox\u001b[39m=\u001b[32m\"0 0 24 24\"\u001b[39m\n            \u001b[33mwidth\u001b[39m=\u001b[32m\"24\"\u001b[39m\n            \u001b[33mxmlns\u001b[39m=\u001b[32m\"http://www.w3.org/2000/svg\"\u001b[39m\n          \u001b[36m>\u001b[39m\n            \u001b[36m<path\u001b[39m\n              \u001b[33md\u001b[39m=\u001b[32m\"M3 12a9 9 0 0 1 9-9 9.75 9.75 0 0 1 6.74 2.74L21 8\"\u001b[39m\n            \u001b[36m/>\u001b[39m\n            \u001b[36m<path\u001b[39m\n              \u001b[33md\u001b[39m=\u001b[32m\"M21 3v5h-5\"\u001b[39m\n            \u001b[36m/>\u001b[39m\n            \u001b[36m<path\u001b[39m\n              \u001b[33md\u001b[39m=\u001b[32m\"M21 12a9 9 0 0 1-9 9 9.75 9.75 0 0 1-6.74-2.74L3 16\"\u001b[39m\n            \u001b[36m/>\u001b[39m\n            \u001b[36m<path\u001b[39m\n              \u001b[33md\u001b[39m=\u001b[32m\"M8 16H3v5\"\u001b[39m\n            \u001b[36m/>\u001b[39m\n          \u001b[36m</svg>\u001b[39m\n          \u001b[0mReset\u001b[0m\n        \u001b[36m</button>\u001b[39m\n      \u001b[36m</div>\u001b[39m\n      \u001b[36m<div\u001b[39m\n        \u001b[33mclass\u001b[39m=\u001b[32m\"flex-1 grid grid-cols-2 gap-6 overflow-hidden\"\u001b[39m\n      \u001b[36m>\u001b[39m\n        \u001b[36m<div\u001b[39m\n          \u001b[33mclass\u001b[39m=\u001b[32m\"flex flex-col bg-white rounded-lg border border-gray-300 overflow-hidden shadow-sm\"\u001b[39m\n        \u001b[36m>\u001b[39m\n          \u001b[36m<div\u001b[39m\n            \u001b[33mclass\u001b[39m=\u001b[32m\"px-4 py-3 border-b border-gray-200 bg-gray-50\"\u001b[39m\n          \u001b[36m>\u001b[39m\n            \u001b[36m<label\u001b[39m\n              \u001b[33mclass\u001b[39m=\u001b[32m\"text-sm font-medium text-gray-700\"\u001b[39m\n            \u001b[36m>\u001b[39m\n              \u001b[0mCertificate (PEM format)\u001b[0m\n            \u001b[36m</label>\u001b[39m\n          \u001b[36m</div>\u001b[39m\n          \u001b[36m<textarea\u001b[39m\n            \u001b[33mclass\u001b[39m=\u001b[32m\"flex-1 p-4 font-mono text-xs resize-none focus:outline-none\"\u001b[39m\n            \u001b[33mplaceholder\u001b[39m=\u001b[32m\"Paste your certificate here...\n\nExample:\n-----BEGIN CERTIFICATE-----\nMIIDXTCCAkWgAwIBAgIJAKL...\n-----END CERTIFICATE-----\"\u001b[39m\n          \u001b[36m/>\u001b[39m\n        \u001b[36m</div>\u001b[39m\n        \u001b[36m<div\u001b[39m\n          \u001b[33mclass\u001b[39m=\u001b[32m\"flex flex-col bg-white rounded-lg border border-gray-300 overflow-hidden shadow-sm\"\u001b[39m\n        \u001b[36m>\u001b[39m\n          \u001b[36m<div\u001b[39m\n            \u001b[33mclass\u001b[39m=\u001b[32m\"px-4 py-3 border-b border-gray-200 bg-gray-50 flex items-center justify-between\"\u001b[39m\n          \u001b[36m>\u001b[39m\n            \u001b[36m<label\u001b[39m\n              \u001b[33mclass\u001b[39m=\u001b[32m\"text-sm font-medium text-gray-700\"\u001b[39m\n            \u001b[36m>\u001b[39m\n              \u001b[0mCertificate Information\u001b[0m\n            \u001b[36m</label>\u001b[39m\n          \u001b[36m</div>\u001b[39m\n          \u001b[36m<div\u001b[39m\n            \u001b[33mclass\u001b[39m=\u001b[32m\"flex-1 p-4 overflow-auto\"\u001b[39m\n          \u001b[36m>\u001b[39m\n            \u001b[36m<p\u001b[39m\n              \u001b[33mclass\u001b[39m=\u001b[32m\"text-gray-400 text-sm\"\u001b[39m\n            \u001b[36m>\u001b[39m\n              \u001b[0mCertificate information will appear here...\u001b[0m\n            \u001b[36m</p>\u001b[39m\n          \u001b[36m</div>\u001b[39m\n        \u001b[36m</div>\u001b[39m\n      \u001b[36m</div>\u001b[39m\n      \u001b[36m<div\u001b[39m\n        \u001b[33mclass\u001b[39m=\u001b[32m\"mt-6 p-4 bg-blue-50 border border-blue-200 rounded-lg\"\u001b[39m\n      \u001b[36m>\u001b[39m\n        \u001b[36m<p\u001b[39m\n          \u001b[33mclass\u001b[39m=\u001b[32m\"text-xs font-semibold text-blue-900 mb-2\"\u001b[39m\n        \u001b[36m>\u001b[39m\n          \u001b[0mSupported Features:\u001b[0m\n        \u001b[36m</p>\u001b[39m\n        \u001b[36m<ul\u001b[39m\n          \u001b[33mclass\u001b[39m=\u001b[32m\"text-xs text-blue-800 space-y-1\"\u001b[39m\n        \u001b[36m>\u001b[39m\n          \u001b[36m<li>\u001b[39m\n            \u001b[0m✓ PEM format certificates\u001b[0m\n          \u001b[36m</li>\u001b[39m\n          \u001b[36m<li>\u001b[39m\n            \u001b[0m✓ Extract subject and issuer information\u001b[0m\n          \u001b[36m</li>\u001b[39m\n          \u001b[36m<li>\u001b[39m\n            \u001b[0m✓ View validity period\u001b[0m\n          \u001b[36m</li>\u001b[39m\n          \u001b[36m<li>\u001b[39m\n            \u001b[0m✓ Display serial number and signature algorithm\u001b[0m\n          \u001b[36m</li>\u001b[39m\n        \u001b[36m</ul>\u001b[39m\n      \u001b[36m</div>\u001b[39m\n    \u001b[36m</div>\u001b[39m\n  \u001b[36m</div>\u001b[39m\n\u001b[36m</body>\u001b[39m\n    at Object.getElementError (/Users/dailh/Desktop/code/electron/app/node_modules/@testing-library/dom/dist/config.js:37:19)\n    at getElementError (/Users/dailh/Desktop/code/electron/app/node_modules/@testing-library/dom/dist/query-helpers.js:20:35)\n    at getMultipleElementsFoundError (/Users/dailh/Desktop/code/electron/app/node_modules/@testing-library/dom/dist/query-helpers.js:23:10)\n    at /Users/dailh/Desktop/code/electron/app/node_modules/@testing-library/dom/dist/query-helpers.js:55:13\n    at /Users/dailh/Desktop/code/electron/app/node_modules/@testing-library/dom/dist/query-helpers.js:95:19\n    at /Users/dailh/Desktop/code/electron/app/src/test/CertificateDecoder.test.tsx:35:19\n    at file:///Users/dailh/Desktop/code/electron/app/node_modules/@vitest/runner/dist/index.js:145:11\n    at file:///Users/dailh/Desktop/code/electron/app/node_modules/@vitest/runner/dist/index.js:915:26\n    at file:///Users/dailh/Desktop/code/electron/app/node_modules/@vitest/runner/dist/index.js:1243:20\n    at new Promise (<anonymous>)"],"meta":{}},{"ancestorTitles":["CertificateDecoder"],"fullName":"CertificateDecoder handles empty certificate input","status":"passed","title":"handles empty certificate input","duration":21.525209000000018,"failureMessages":[],"meta":{}},{"ancestorTitles":["CertificateDecoder"],"fullName":"CertificateDecoder parses basic certificate format","status":"passed","title":"parses basic certificate format","duration":24.318624999999997,"failureMessages":[],"meta":{}},{"ancestorTitles":["CertificateDecoder"],"fullName":"CertificateDecoder displays parsed certificate information","status":"passed","title":"displays parsed certificate information","duration":24.276707999999985,"failureMessages":[],"meta":{}},{"ancestorTitles":["CertificateDecoder"],"fullName":"CertificateDecoder validates certificate format","status":"passed","title":"validates certificate format","duration":16.474917000000005,"failureMessages":[],"meta":{}},{"ancestorTitles":["CertificateDecoder"],"fullName":"CertificateDecoder copies certificate information to clipboard","status":"passed","title":"copies certificate information to clipboard","duration":32.834749999999985,"failureMessages":[],"meta":{}},{"ancestorTitles":["CertificateDecoder"],"fullName":"CertificateDecoder resets certificate input and output","status":"passed","title":"resets certificate input and output","duration":36.21804199999997,"failureMessages":[],"meta":{}},{"ancestorTitles":["CertificateDecoder"],"fullName":"CertificateDecoder handles PEM formatted certificates","status":"passed","title":"handles PEM formatted certificates","duration":17.574125000000095,"failureMessages":[],"meta":{}},{"ancestorTitles":["CertificateDecoder"],"fullName":"CertificateDecoder handles certificate without PEM headers","status":"passed","title":"handles certificate without PEM headers","duration":17.03300000000013,"failureMessages":[],"meta":{}},{"ancestorTitles":["CertificateDecoder"],"fullName":"CertificateDecoder displays extracted certificate fields","status":"passed","title":"displays extracted certificate fields","duration":17.75570800000014,"failureMessages":[],"meta":{}},{"ancestorTitles":["CertificateDecoder"],"fullName":"CertificateDecoder handles multi-line certificate data","status":"passed","title":"handles multi-line certificate data","duration":15.082374999999956,"failureMessages":[],"meta":{}},{"ancestorTitles":["CertificateDecoder"],"fullName":"CertificateDecoder shows error for malformed input","status":"passed","title":"shows error for malformed input","duration":13.49070800000004,"failureMessages":[],"meta":{}}],"startTime":1774498145729,"endTime":1774498146210.4907,"status":"failed","message":"","name":"/Users/dailh/Desktop/code/electron/app/src/test/CertificateDecoder.test.tsx"},{"assertionResults":[{"ancestorTitles":["CssToTailwind"],"fullName":"CssToTailwind renders without crashing","status":"passed","title":"renders without crashing","duration":24.099417000000017,"failureMessages":[],"meta":{}},{"ancestorTitles":["CssToTailwind"],"fullName":"CssToTailwind displays CSS input textarea","status":"passed","title":"displays CSS input textarea","duration":114.96770800000002,"failureMessages":[],"meta":{}},{"ancestorTitles":["CssToTailwind"],"fullName":"CssToTailwind displays output area for suggestions","status":"passed","title":"displays output area for suggestions","duration":22.59537499999999,"failureMessages":[],"meta":{}},{"ancestorTitles":["CssToTailwind"],"fullName":"CssToTailwind converts CSS color to Tailwind class","status":"passed","title":"converts CSS color to Tailwind class","duration":23.148083000000042,"failureMessages":[],"meta":{}},{"ancestorTitles":["CssToTailwind"],"fullName":"CssToTailwind converts CSS margin to Tailwind class","status":"passed","title":"converts CSS margin to Tailwind class","duration":17.356209000000035,"failureMessages":[],"meta":{}},{"ancestorTitles":["CssToTailwind"],"fullName":"CssToTailwind converts CSS padding to Tailwind class","status":"passed","title":"converts CSS padding to Tailwind class","duration":16.425250000000005,"failureMessages":[],"meta":{}},{"ancestorTitles":["CssToTailwind"],"fullName":"CssToTailwind suggests multiple Tailwind classes","status":"passed","title":"suggests multiple Tailwind classes","duration":14.532084000000054,"failureMessages":[],"meta":{}},{"ancestorTitles":["CssToTailwind"],"fullName":"CssToTailwind copies suggestions to clipboard","status":"passed","title":"copies suggestions to clipboard","duration":27.48295900000005,"failureMessages":[],"meta":{}},{"ancestorTitles":["CssToTailwind"],"fullName":"CssToTailwind resets inputs when reset button clicked","status":"passed","title":"resets inputs when reset button clicked","duration":40.32508300000006,"failureMessages":[],"meta":{}},{"ancestorTitles":["CssToTailwind"],"fullName":"CssToTailwind handles complex CSS selectors","status":"passed","title":"handles complex CSS selectors","duration":18.155832999999916,"failureMessages":[],"meta":{}},{"ancestorTitles":["CssToTailwind"],"fullName":"CssToTailwind shows helpful description","status":"passed","title":"shows helpful description","duration":2.4653749999999945,"failureMessages":[],"meta":{}}],"startTime":1774498150159,"endTime":1774498150480.4653,"status":"passed","message":"","name":"/Users/dailh/Desktop/code/electron/app/src/test/CssToTailwind.test.tsx"},{"assertionResults":[{"ancestorTitles":["EscapeUnescape"],"fullName":"EscapeUnescape renders without crashing","status":"passed","title":"renders without crashing","duration":32.008375,"failureMessages":[],"meta":{}},{"ancestorTitles":["EscapeUnescape"],"fullName":"EscapeUnescape starts in escape mode with JavaScript format selected","status":"passed","title":"starts in escape mode with JavaScript format selected","duration":160.75137499999994,"failureMessages":[],"meta":{}},{"ancestorTitles":["EscapeUnescape"],"fullName":"EscapeUnescape escapes JS special characters","status":"passed","title":"escapes JS special characters","duration":109.33216700000003,"failureMessages":[],"meta":{}},{"ancestorTitles":["EscapeUnescape"],"fullName":"EscapeUnescape unescapes JS sequences","status":"passed","title":"unescapes JS sequences","duration":77.72358400000007,"failureMessages":[],"meta":{}},{"ancestorTitles":["EscapeUnescape"],"fullName":"EscapeUnescape escapes JSON special characters","status":"passed","title":"escapes JSON special characters","duration":113.17637500000001,"failureMessages":[],"meta":{}},{"ancestorTitles":["EscapeUnescape"],"fullName":"EscapeUnescape unescapes JSON sequences","status":"passed","title":"unescapes JSON sequences","duration":107.91666699999996,"failureMessages":[],"meta":{}},{"ancestorTitles":["EscapeUnescape"],"fullName":"EscapeUnescape escapes HTML entities","status":"passed","title":"escapes HTML entities","duration":100.32449999999994,"failureMessages":[],"meta":{}},{"ancestorTitles":["EscapeUnescape"],"fullName":"EscapeUnescape unescapes HTML entities","status":"passed","title":"unescapes HTML entities","duration":104.81187499999987,"failureMessages":[],"meta":{}},{"ancestorTitles":["EscapeUnescape"],"fullName":"EscapeUnescape escapes regex special characters","status":"passed","title":"escapes regex special characters","duration":112.57650000000012,"failureMessages":[],"meta":{}},{"ancestorTitles":["EscapeUnescape"],"fullName":"EscapeUnescape escapes non-ASCII characters to unicode sequences","status":"passed","title":"escapes non-ASCII characters to unicode sequences","duration":92.86479099999997,"failureMessages":[],"meta":{}},{"ancestorTitles":["EscapeUnescape"],"fullName":"EscapeUnescape unescapes unicode sequences","status":"passed","title":"unescapes unicode sequences","duration":88.2434589999998,"failureMessages":[],"meta":{}},{"ancestorTitles":["EscapeUnescape"],"fullName":"EscapeUnescape swaps input and output when switching modes","status":"passed","title":"swaps input and output when switching modes","duration":69.66045800000006,"failureMessages":[],"meta":{}},{"ancestorTitles":["EscapeUnescape"],"fullName":"EscapeUnescape resets all fields on Reset","status":"passed","title":"resets all fields on Reset","duration":100.28650000000016,"failureMessages":[],"meta":{}},{"ancestorTitles":["EscapeUnescape"],"fullName":"EscapeUnescape copies output to clipboard","status":"passed","title":"copies output to clipboard","duration":80.73641700000007,"failureMessages":[],"meta":{}},{"ancestorTitles":["EscapeUnescape"],"fullName":"EscapeUnescape shows empty output for blank input","status":"passed","title":"shows empty output for blank input","duration":41.48033400000031,"failureMessages":[],"meta":{}}],"startTime":1774498146673,"endTime":1774498148065.4802,"status":"passed","message":"","name":"/Users/dailh/Desktop/code/electron/app/src/test/EscapeUnescape.test.tsx"},{"assertionResults":[{"ancestorTitles":["GzipEncoder"],"fullName":"GzipEncoder renders without crashing","status":"failed","title":"renders without crashing","duration":89.75799999999981,"failureMessages":["TestingLibraryElementError: Unable to find an element with the text: Gzip Encoder / Decoder. This could be because the text is broken up by multiple elements. In this case, you can provide a function for your text matcher to make your matcher more flexible.\n\nIgnored nodes: comments, script, style\n\u001b[36m<body>\u001b[39m\n  \u001b[36m<div>\u001b[39m\n    \u001b[36m<div\u001b[39m\n      \u001b[33mclass\u001b[39m=\u001b[32m\"h-full flex flex-col p-6 bg-gray-50\"\u001b[39m\n    \u001b[36m>\u001b[39m\n      \u001b[36m<div\u001b[39m\n        \u001b[33mclass\u001b[39m=\u001b[32m\"mb-6\"\u001b[39m\n      \u001b[36m>\u001b[39m\n        \u001b[36m<h3\u001b[39m\n          \u001b[33mclass\u001b[39m=\u001b[32m\"text-lg font-semibold text-gray-900 mb-2\"\u001b[39m\n        \u001b[36m>\u001b[39m\n          \u001b[0mGzip Encoder/Decoder\u001b[0m\n        \u001b[36m</h3>\u001b[39m\n        \u001b[36m<p\u001b[39m\n          \u001b[33mclass\u001b[39m=\u001b[32m\"text-sm text-gray-600\"\u001b[39m\n        \u001b[36m>\u001b[39m\n          \u001b[0mCompress text using gzip compression or decompress gzip data. Output is base64-encoded for easy transfer.\u001b[0m\n        \u001b[36m</p>\u001b[39m\n      \u001b[36m</div>\u001b[39m\n      \u001b[36m<div\u001b[39m\n        \u001b[33mclass\u001b[39m=\u001b[32m\"flex gap-3 mb-6\"\u001b[39m\n      \u001b[36m>\u001b[39m\n        \u001b[36m<button\u001b[39m\n          \u001b[33mclass\u001b[39m=\u001b[32m\"px-4 py-2 bg-blue-600 text-white rounded-lg hover:bg-blue-700 font-medium transition-colors flex items-center gap-2\"\u001b[39m\n        \u001b[36m>\u001b[39m\n          \u001b[0mCompress\u001b[0m\n        \u001b[36m</button>\u001b[39m\n        \u001b[36m<button\u001b[39m\n          \u001b[33mclass\u001b[39m=\u001b[32m\"px-4 py-2 bg-purple-600 text-white rounded-lg hover:bg-purple-700 font-medium transition-colors flex items-center gap-2\"\u001b[39m\n        \u001b[36m>\u001b[39m\n          \u001b[36m<svg\u001b[39m\n            \u001b[33maria-hidden\u001b[39m=\u001b[32m\"true\"\u001b[39m\n            \u001b[33mclass\u001b[39m=\u001b[32m\"lucide lucide-refresh-cw w-4 h-4\"\u001b[39m\n            \u001b[33mfill\u001b[39m=\u001b[32m\"none\"\u001b[39m\n            \u001b[33mheight\u001b[39m=\u001b[32m\"24\"\u001b[39m\n            \u001b[33mstroke\u001b[39m=\u001b[32m\"currentColor\"\u001b[39m\n            \u001b[33mstroke-linecap\u001b[39m=\u001b[32m\"round\"\u001b[39m\n            \u001b[33mstroke-linejoin\u001b[39m=\u001b[32m\"round\"\u001b[39m\n            \u001b[33mstroke-width\u001b[39m=\u001b[32m\"2\"\u001b[39m\n            \u001b[33mviewBox\u001b[39m=\u001b[32m\"0 0 24 24\"\u001b[39m\n            \u001b[33mwidth\u001b[39m=\u001b[32m\"24\"\u001b[39m\n            \u001b[33mxmlns\u001b[39m=\u001b[32m\"http://www.w3.org/2000/svg\"\u001b[39m\n          \u001b[36m>\u001b[39m\n            \u001b[36m<path\u001b[39m\n              \u001b[33md\u001b[39m=\u001b[32m\"M3 12a9 9 0 0 1 9-9 9.75 9.75 0 0 1 6.74 2.74L21 8\"\u001b[39m\n            \u001b[36m/>\u001b[39m\n            \u001b[36m<path\u001b[39m\n              \u001b[33md\u001b[39m=\u001b[32m\"M21 3v5h-5\"\u001b[39m\n            \u001b[36m/>\u001b[39m\n            \u001b[36m<path\u001b[39m\n              \u001b[33md\u001b[39m=\u001b[32m\"M21 12a9 9 0 0 1-9 9 9.75 9.75 0 0 1-6.74-2.74L3 16\"\u001b[39m\n            \u001b[36m/>\u001b[39m\n            \u001b[36m<path\u001b[39m\n              \u001b[33md\u001b[39m=\u001b[32m\"M8 16H3v5\"\u001b[39m\n            \u001b[36m/>\u001b[39m\n          \u001b[36m</svg>\u001b[39m\n          \u001b[0mSwitch to \u001b[0m\n          \u001b[0mDecompress\u001b[0m\n        \u001b[36m</button>\u001b[39m\n        \u001b[36m<button\u001b[39m\n          \u001b[33mclass\u001b[39m=\u001b[32m\"px-4 py-2 bg-gray-200 text-gray-700 rounded-lg hover:bg-gray-300 font-medium transition-colors flex items-center gap-2\"\u001b[39m\n        \u001b[36m>\u001b[39m\n          \u001b[36m<svg\u001b[39m\n            \u001b[33maria-hidden\u001b[39m=\u001b[32m\"true\"\u001b[39m\n            \u001b[33mclass\u001b[39m=\u001b[32m\"lucide lucide-refresh-cw w-4 h-4\"\u001b[39m\n            \u001b[33mfill\u001b[39m=\u001b[32m\"none\"\u001b[39m\n            \u001b[33mheight\u001b[39m=\u001b[32m\"24\"\u001b[39m\n            \u001b[33mstroke\u001b[39m=\u001b[32m\"currentColor\"\u001b[39m\n            \u001b[33mstroke-linecap\u001b[39m=\u001b[32m\"round\"\u001b[39m\n            \u001b[33mstroke-linejoin\u001b[39m=\u001b[32m\"round\"\u001b[39m\n            \u001b[33mstroke-width\u001b[39m=\u001b[32m\"2\"\u001b[39m\n            \u001b[33mviewBox\u001b[39m=\u001b[32m\"0 0 24 24\"\u001b[39m\n            \u001b[33mwidth\u001b[39m=\u001b[32m\"24\"\u001b[39m\n            \u001b[33mxmlns\u001b[39m=\u001b[32m\"http://www.w3.org/2000/svg\"\u001b[39m\n          \u001b[36m>\u001b[39m\n            \u001b[36m<path\u001b[39m\n              \u001b[33md\u001b[39m=\u001b[32m\"M3 12a9 9 0 0 1 9-9 9.75 9.75 0 0 1 6.74 2.74L21 8\"\u001b[39m\n            \u001b[36m/>\u001b[39m\n            \u001b[36m<path\u001b[39m\n              \u001b[33md\u001b[39m=\u001b[32m\"M21 3v5h-5\"\u001b[39m\n            \u001b[36m/>\u001b[39m\n            \u001b[36m<path\u001b[39m\n              \u001b[33md\u001b[39m=\u001b[32m\"M21 12a9 9 0 0 1-9 9 9.75 9.75 0 0 1-6.74-2.74L3 16\"\u001b[39m\n            \u001b[36m/>\u001b[39m\n            \u001b[36m<path\u001b[39m\n              \u001b[33md\u001b[39m=\u001b[32m\"M8 16H3v5\"\u001b[39m\n            \u001b[36m/>\u001b[39m\n          \u001b[36m</svg>\u001b[39m\n          \u001b[0mReset\u001b[0m\n        \u001b[36m</button>\u001b[39m\n      \u001b[36m</div>\u001b[39m\n      \u001b[36m<div\u001b[39m\n        \u001b[33mclass\u001b[39m=\u001b[32m\"flex-1 grid grid-cols-2 gap-6 overflow-hidden\"\u001b[39m\n      \u001b[36m>\u001b[39m\n        \u001b[36m<div\u001b[39m\n          \u001b[33mclass\u001b[39m=\u001b[32m\"flex flex-col bg-white rounded-lg border border-gray-300 overflow-hidden shadow-sm\"\u001b[39m\n        \u001b[36m>\u001b[39m\n          \u001b[36m<div\u001b[39m\n            \u001b[33mclass\u001b[39m=\u001b[32m\"px-4 py-3 border-b border-gray-200 bg-gray-50\"\u001b[39m\n          \u001b[36m>\u001b[39m\n            \u001b[36m<label\u001b[39m\n              \u001b[33mclass\u001b[39m=\u001b[32m\"text-sm font-medium text-gray-700\"\u001b[39m\n            \u001b[36m>\u001b[39m\n              \u001b[0mText Input\u001b[0m\n            \u001b[36m</label>\u001b[39m\n          \u001b[36m</div>\u001b[39m\n          \u001b[36m<textarea\u001b[39m\n            \u001b[33mclass\u001b[39m=\u001b[32m\"flex-1 p-4 font-mono text-sm resize-none focus:outline-none\"\u001b[39m\n            \u001b[33mplaceholder\u001b[39m=\u001b[32m\"Enter text to compress...\"\u001b[39m\n          \u001b[36m/>\u001b[39m\n        \u001b[36m</div>\u001b[39m\n        \u001b[36m<div\u001b[39m\n          \u001b[33mclass\u001b[39m=\u001b[32m\"flex flex-col bg-white rounded-lg border border-gray-300 overflow-hidden shadow-sm\"\u001b[39m\n        \u001b[36m>\u001b[39m\n          \u001b[36m<div\u001b[39m\n            \u001b[33mclass\u001b[39m=\u001b[32m\"px-4 py-3 border-b border-gray-200 bg-gray-50 flex items-center justify-between\"\u001b[39m\n          \u001b[36m>\u001b[39m\n            \u001b[36m<label\u001b[39m\n              \u001b[33mclass\u001b[39m=\u001b[32m\"text-sm font-medium text-gray-700\"\u001b[39m\n            \u001b[36m>\u001b[39m\n              \u001b[0mCompressed Data (Base64)\u001b[0m\n            \u001b[36m</label>\u001b[39m\n          \u001b[36m</div>\u001b[39m\n          \u001b[36m<textarea\u001b[39m\n            \u001b[33mclass\u001b[39m=\u001b[32m\"flex-1 p-4 font-mono text-sm resize-none focus:outline-none text-gray-700 bg-gray-50\"\u001b[39m\n            \u001b[33mplaceholder\u001b[39m=\u001b[32m\"Compressed output will appear here...\"\u001b[39m\n            \u001b[33mreadonly\u001b[39m=\u001b[32m\"\"\u001b[39m\n          \u001b[36m/>\u001b[39m\n        \u001b[36m</div>\u001b[39m\n      \u001b[36m</div>\u001b[39m\n      \u001b[36m<div\u001b[39m\n        \u001b[33mclass\u001b[39m=\u001b[32m\"mt-6 p-4 bg-blue-50 border border-blue-200 rounded-lg\"\u001b[39m\n      \u001b[36m>\u001b[39m\n        \u001b[36m<p\u001b[39m\n          \u001b[33mclass\u001b[39m=\u001b[32m\"text-xs font-semibold text-blue-900 mb-2\"\u001b[39m\n        \u001b[36m>\u001b[39m\n          \u001b[0mFeatures:\u001b[0m\n        \u001b[36m</p>\u001b[39m\n        \u001b[36m<ul\u001b[39m\n          \u001b[33mclass\u001b[39m=\u001b[32m\"text-xs text-blue-800 space-y-1\"\u001b[39m\n        \u001b[36m>\u001b[39m\n          \u001b[36m<li>\u001b[39m\n            \u001b[0m✓ Compress text using gzip algorithm\u001b[0m\n          \u001b[36m</li>\u001b[39m\n          \u001b[36m<li>\u001b[39m\n            \u001b[0m✓ Decompress gzip data back to text\u001b[0m\n          \u001b[36m</li>\u001b[39m\n          \u001b[36m<li>\u001b[39m\n            \u001b[0m✓ Base64 encoding for safe transfer\u001b[0m\n          \u001b[36m</li>\u001b[39m\n          \u001b[36m<li>\u001b[39m\n            \u001b[0m✓ View compression statistics\u001b[0m\n          \u001b[36m</li>\u001b[39m\n          \u001b[36m<li>\u001b[39m\n            \u001b[0m✓ Switch between compress and decompress modes\u001b[0m\n          \u001b[36m</li>\u001b[39m\n        \u001b[36m</ul>\u001b[39m\n      \u001b[36m</div>\u001b[39m\n    \u001b[36m</div>\u001b[39m\n  \u001b[36m</div>\u001b[39m\n\u001b[36m</body>\u001b[39m\n    at Object.getElementError (/Users/dailh/Desktop/code/electron/app/node_modules/@testing-library/dom/dist/config.js:37:19)\n    at /Users/dailh/Desktop/code/electron/app/node_modules/@testing-library/dom/dist/query-helpers.js:76:38\n    at /Users/dailh/Desktop/code/electron/app/node_modules/@testing-library/dom/dist/query-helpers.js:52:17\n    at /Users/dailh/Desktop/code/electron/app/node_modules/@testing-library/dom/dist/query-helpers.js:95:19\n    at /Users/dailh/Desktop/code/electron/app/src/test/GzipEncoder.test.tsx:19:19\n    at file:///Users/dailh/Desktop/code/electron/app/node_modules/@vitest/runner/dist/index.js:145:11\n    at file:///Users/dailh/Desktop/code/electron/app/node_modules/@vitest/runner/dist/index.js:915:26\n    at file:///Users/dailh/Desktop/code/electron/app/node_modules/@vitest/runner/dist/index.js:1243:20\n    at new Promise (<anonymous>)\n    at runWithTimeout (file:///Users/dailh/Desktop/code/electron/app/node_modules/@vitest/runner/dist/index.js:1209:10)"],"meta":{}},{"ancestorTitles":["GzipEncoder"],"fullName":"GzipEncoder displays input textarea","status":"passed","title":"displays input textarea","duration":290.87962500000003,"failureMessages":[],"meta":{}},{"ancestorTitles":["GzipEncoder"],"fullName":"GzipEncoder defaults to compress mode","status":"failed","title":"defaults to compress mode","duration":88.30883300000005,"failureMessages":["TestingLibraryElementError: Found multiple elements with the role \"button\" and name `/compress/i`\n\nHere are the matching elements:\n\nIgnored nodes: comments, script, style\n\u001b[36m<button\u001b[39m\n  \u001b[33mclass\u001b[39m=\u001b[32m\"px-4 py-2 bg-blue-600 text-white rounded-lg hover:bg-blue-700 font-medium transition-colors flex items-center gap-2\"\u001b[39m\n\u001b[36m>\u001b[39m\n  \u001b[0mCompress\u001b[0m\n\u001b[36m</button>\u001b[39m\n\nIgnored nodes: comments, script, style\n\u001b[36m<button\u001b[39m\n  \u001b[33mclass\u001b[39m=\u001b[32m\"px-4 py-2 bg-purple-600 text-white rounded-lg hover:bg-purple-700 font-medium transition-colors flex items-center gap-2\"\u001b[39m\n\u001b[36m>\u001b[39m\n  \u001b[36m<svg\u001b[39m\n    \u001b[33maria-hidden\u001b[39m=\u001b[32m\"true\"\u001b[39m\n    \u001b[33mclass\u001b[39m=\u001b[32m\"lucide lucide-refresh-cw w-4 h-4\"\u001b[39m\n    \u001b[33mfill\u001b[39m=\u001b[32m\"none\"\u001b[39m\n    \u001b[33mheight\u001b[39m=\u001b[32m\"24\"\u001b[39m\n    \u001b[33mstroke\u001b[39m=\u001b[32m\"currentColor\"\u001b[39m\n    \u001b[33mstroke-linecap\u001b[39m=\u001b[32m\"round\"\u001b[39m\n    \u001b[33mstroke-linejoin\u001b[39m=\u001b[32m\"round\"\u001b[39m\n    \u001b[33mstroke-width\u001b[39m=\u001b[32m\"2\"\u001b[39m\n    \u001b[33mviewBox\u001b[39m=\u001b[32m\"0 0 24 24\"\u001b[39m\n    \u001b[33mwidth\u001b[39m=\u001b[32m\"24\"\u001b[39m\n    \u001b[33mxmlns\u001b[39m=\u001b[32m\"http://www.w3.org/2000/svg\"\u001b[39m\n  \u001b[36m>\u001b[39m\n    \u001b[36m<path\u001b[39m\n      \u001b[33md\u001b[39m=\u001b[32m\"M3 12a9 9 0 0 1 9-9 9.75 9.75 0 0 1 6.74 2.74L21 8\"\u001b[39m\n    \u001b[36m/>\u001b[39m\n    \u001b[36m<path\u001b[39m\n      \u001b[33md\u001b[39m=\u001b[32m\"M21 3v5h-5\"\u001b[39m\n    \u001b[36m/>\u001b[39m\n    \u001b[36m<path\u001b[39m\n      \u001b[33md\u001b[39m=\u001b[32m\"M21 12a9 9 0 0 1-9 9 9.75 9.75 0 0 1-6.74-2.74L3 16\"\u001b[39m\n    \u001b[36m/>\u001b[39m\n    \u001b[36m<path\u001b[39m\n      \u001b[33md\u001b[39m=\u001b[32m\"M8 16H3v5\"\u001b[39m\n    \u001b[36m/>\u001b[39m\n  \u001b[36m</svg>\u001b[39m\n  \u001b[0mSwitch to \u001b[0m\n  \u001b[0mDecompress\u001b[0m\n\u001b[36m</button>\u001b[39m\n\n(If this is intentional, then use the `*AllBy*` variant of the query (like `queryAllByText`, `getAllByText`, or `findAllByText`)).\n\nIgnored nodes: comments, script, style\n\u001b[36m<body>\u001b[39m\n  \u001b[36m<div>\u001b[39m\n    \u001b[36m<div\u001b[39m\n      \u001b[33mclass\u001b[39m=\u001b[32m\"h-full flex flex-col p-6 bg-gray-50\"\u001b[39m\n    \u001b[36m>\u001b[39m\n      \u001b[36m<div\u001b[39m\n        \u001b[33mclass\u001b[39m=\u001b[32m\"mb-6\"\u001b[39m\n      \u001b[36m>\u001b[39m\n        \u001b[36m<h3\u001b[39m\n          \u001b[33mclass\u001b[39m=\u001b[32m\"text-lg font-semibold text-gray-900 mb-2\"\u001b[39m\n        \u001b[36m>\u001b[39m\n          \u001b[0mGzip Encoder/Decoder\u001b[0m\n        \u001b[36m</h3>\u001b[39m\n        \u001b[36m<p\u001b[39m\n          \u001b[33mclass\u001b[39m=\u001b[32m\"text-sm text-gray-600\"\u001b[39m\n        \u001b[36m>\u001b[39m\n          \u001b[0mCompress text using gzip compression or decompress gzip data. Output is base64-encoded for easy transfer.\u001b[0m\n        \u001b[36m</p>\u001b[39m\n      \u001b[36m</div>\u001b[39m\n      \u001b[36m<div\u001b[39m\n        \u001b[33mclass\u001b[39m=\u001b[32m\"flex gap-3 mb-6\"\u001b[39m\n      \u001b[36m>\u001b[39m\n        \u001b[36m<button\u001b[39m\n          \u001b[33mclass\u001b[39m=\u001b[32m\"px-4 py-2 bg-blue-600 text-white rounded-lg hover:bg-blue-700 font-medium transition-colors flex items-center gap-2\"\u001b[39m\n        \u001b[36m>\u001b[39m\n          \u001b[0mCompress\u001b[0m\n        \u001b[36m</button>\u001b[39m\n        \u001b[36m<button\u001b[39m\n          \u001b[33mclass\u001b[39m=\u001b[32m\"px-4 py-2 bg-purple-600 text-white rounded-lg hover:bg-purple-700 font-medium transition-colors flex items-center gap-2\"\u001b[39m\n        \u001b[36m>\u001b[39m\n          \u001b[36m<svg\u001b[39m\n            \u001b[33maria-hidden\u001b[39m=\u001b[32m\"true\"\u001b[39m\n            \u001b[33mclass\u001b[39m=\u001b[32m\"lucide lucide-refresh-cw w-4 h-4\"\u001b[39m\n            \u001b[33mfill\u001b[39m=\u001b[32m\"none\"\u001b[39m\n            \u001b[33mheight\u001b[39m=\u001b[32m\"24\"\u001b[39m\n            \u001b[33mstroke\u001b[39m=\u001b[32m\"currentColor\"\u001b[39m\n            \u001b[33mstroke-linecap\u001b[39m=\u001b[32m\"round\"\u001b[39m\n            \u001b[33mstroke-linejoin\u001b[39m=\u001b[32m\"round\"\u001b[39m\n            \u001b[33mstroke-width\u001b[39m=\u001b[32m\"2\"\u001b[39m\n            \u001b[33mviewBox\u001b[39m=\u001b[32m\"0 0 24 24\"\u001b[39m\n            \u001b[33mwidth\u001b[39m=\u001b[32m\"24\"\u001b[39m\n            \u001b[33mxmlns\u001b[39m=\u001b[32m\"http://www.w3.org/2000/svg\"\u001b[39m\n          \u001b[36m>\u001b[39m\n            \u001b[36m<path\u001b[39m\n              \u001b[33md\u001b[39m=\u001b[32m\"M3 12a9 9 0 0 1 9-9 9.75 9.75 0 0 1 6.74 2.74L21 8\"\u001b[39m\n            \u001b[36m/>\u001b[39m\n            \u001b[36m<path\u001b[39m\n              \u001b[33md\u001b[39m=\u001b[32m\"M21 3v5h-5\"\u001b[39m\n            \u001b[36m/>\u001b[39m\n            \u001b[36m<path\u001b[39m\n              \u001b[33md\u001b[39m=\u001b[32m\"M21 12a9 9 0 0 1-9 9 9.75 9.75 0 0 1-6.74-2.74L3 16\"\u001b[39m\n            \u001b[36m/>\u001b[39m\n            \u001b[36m<path\u001b[39m\n              \u001b[33md\u001b[39m=\u001b[32m\"M8 16H3v5\"\u001b[39m\n            \u001b[36m/>\u001b[39m\n          \u001b[36m</svg>\u001b[39m\n          \u001b[0mSwitch to \u001b[0m\n          \u001b[0mDecompress\u001b[0m\n        \u001b[36m</button>\u001b[39m\n        \u001b[36m<button\u001b[39m\n          \u001b[33mclass\u001b[39m=\u001b[32m\"px-4 py-2 bg-gray-200 text-gray-700 rounded-lg hover:bg-gray-300 font-medium transition-colors flex items-center gap-2\"\u001b[39m\n        \u001b[36m>\u001b[39m\n          \u001b[36m<svg\u001b[39m\n            \u001b[33maria-hidden\u001b[39m=\u001b[32m\"true\"\u001b[39m\n            \u001b[33mclass\u001b[39m=\u001b[32m\"lucide lucide-refresh-cw w-4 h-4\"\u001b[39m\n            \u001b[33mfill\u001b[39m=\u001b[32m\"none\"\u001b[39m\n            \u001b[33mheight\u001b[39m=\u001b[32m\"24\"\u001b[39m\n            \u001b[33mstroke\u001b[39m=\u001b[32m\"currentColor\"\u001b[39m\n            \u001b[33mstroke-linecap\u001b[39m=\u001b[32m\"round\"\u001b[39m\n            \u001b[33mstroke-linejoin\u001b[39m=\u001b[32m\"round\"\u001b[39m\n            \u001b[33mstroke-width\u001b[39m=\u001b[32m\"2\"\u001b[39m\n            \u001b[33mviewBox\u001b[39m=\u001b[32m\"0 0 24 24\"\u001b[39m\n            \u001b[33mwidth\u001b[39m=\u001b[32m\"24\"\u001b[39m\n            \u001b[33mxmlns\u001b[39m=\u001b[32m\"http://www.w3.org/2000/svg\"\u001b[39m\n          \u001b[36m>\u001b[39m\n            \u001b[36m<path\u001b[39m\n              \u001b[33md\u001b[39m=\u001b[32m\"M3 12a9 9 0 0 1 9-9 9.75 9.75 0 0 1 6.74 2.74L21 8\"\u001b[39m\n            \u001b[36m/>\u001b[39m\n            \u001b[36m<path\u001b[39m\n              \u001b[33md\u001b[39m=\u001b[32m\"M21 3v5h-5\"\u001b[39m\n            \u001b[36m/>\u001b[39m\n            \u001b[36m<path\u001b[39m\n              \u001b[33md\u001b[39m=\u001b[32m\"M21 12a9 9 0 0 1-9 9 9.75 9.75 0 0 1-6.74-2.74L3 16\"\u001b[39m\n            \u001b[36m/>\u001b[39m\n            \u001b[36m<path\u001b[39m\n              \u001b[33md\u001b[39m=\u001b[32m\"M8 16H3v5\"\u001b[39m\n            \u001b[36m/>\u001b[39m\n          \u001b[36m</svg>\u001b[39m\n          \u001b[0mReset\u001b[0m\n        \u001b[36m</button>\u001b[39m\n      \u001b[36m</div>\u001b[39m\n      \u001b[36m<div\u001b[39m\n        \u001b[33mclass\u001b[39m=\u001b[32m\"flex-1 grid grid-cols-2 gap-6 overflow-hidden\"\u001b[39m\n      \u001b[36m>\u001b[39m\n        \u001b[36m<div\u001b[39m\n          \u001b[33mclass\u001b[39m=\u001b[32m\"flex flex-col bg-white rounded-lg border border-gray-300 overflow-hidden shadow-sm\"\u001b[39m\n        \u001b[36m>\u001b[39m\n          \u001b[36m<div\u001b[39m\n            \u001b[33mclass\u001b[39m=\u001b[32m\"px-4 py-3 border-b border-gray-200 bg-gray-50\"\u001b[39m\n          \u001b[36m>\u001b[39m\n            \u001b[36m<label\u001b[39m\n              \u001b[33mclass\u001b[39m=\u001b[32m\"text-sm font-medium text-gray-700\"\u001b[39m\n            \u001b[36m>\u001b[39m\n              \u001b[0mText Input\u001b[0m\n            \u001b[36m</label>\u001b[39m\n          \u001b[36m</div>\u001b[39m\n          \u001b[36m<textarea\u001b[39m\n            \u001b[33mclass\u001b[39m=\u001b[32m\"flex-1 p-4 font-mono text-sm resize-none focus:outline-none\"\u001b[39m\n            \u001b[33mplaceholder\u001b[39m=\u001b[32m\"Enter text to compress...\"\u001b[39m\n          \u001b[36m/>\u001b[39m\n        \u001b[36m</div>\u001b[39m\n        \u001b[36m<div\u001b[39m\n          \u001b[33mclass\u001b[39m=\u001b[32m\"flex flex-col bg-white rounded-lg border border-gray-300 overflow-hidden shadow-sm\"\u001b[39m\n        \u001b[36m>\u001b[39m\n          \u001b[36m<div\u001b[39m\n            \u001b[33mclass\u001b[39m=\u001b[32m\"px-4 py-3 border-b border-gray-200 bg-gray-50 flex items-center justify-between\"\u001b[39m\n          \u001b[36m>\u001b[39m\n            \u001b[36m<label\u001b[39m\n              \u001b[33mclass\u001b[39m=\u001b[32m\"text-sm font-medium text-gray-700\"\u001b[39m\n            \u001b[36m>\u001b[39m\n              \u001b[0mCompressed Data (Base64)\u001b[0m\n            \u001b[36m</label>\u001b[39m\n          \u001b[36m</div>\u001b[39m\n          \u001b[36m<textarea\u001b[39m\n            \u001b[33mclass\u001b[39m=\u001b[32m\"flex-1 p-4 font-mono text-sm resize-none focus:outline-none text-gray-700 bg-gray-50\"\u001b[39m\n            \u001b[33mplaceholder\u001b[39m=\u001b[32m\"Compressed output will appear here...\"\u001b[39m\n            \u001b[33mreadonly\u001b[39m=\u001b[32m\"\"\u001b[39m\n          \u001b[36m/>\u001b[39m\n        \u001b[36m</div>\u001b[39m\n      \u001b[36m</div>\u001b[39m\n      \u001b[36m<div\u001b[39m\n        \u001b[33mclass\u001b[39m=\u001b[32m\"mt-6 p-4 bg-blue-50 border border-blue-200 rounded-lg\"\u001b[39m\n      \u001b[36m>\u001b[39m\n        \u001b[36m<p\u001b[39m\n          \u001b[33mclass\u001b[39m=\u001b[32m\"text-xs font-semibold text-blue-900 mb-2\"\u001b[39m\n        \u001b[36m>\u001b[39m\n          \u001b[0mFeatures:\u001b[0m\n        \u001b[36m</p>\u001b[39m\n        \u001b[36m<ul\u001b[39m\n          \u001b[33mclass\u001b[39m=\u001b[32m\"text-xs text-blue-800 space-y-1\"\u001b[39m\n        \u001b[36m>\u001b[39m\n          \u001b[36m<li>\u001b[39m\n            \u001b[0m✓ Compress text using gzip algorithm\u001b[0m\n          \u001b[36m</li>\u001b[39m\n          \u001b[36m<li>\u001b[39m\n            \u001b[0m✓ Decompress gzip data back to text\u001b[0m\n          \u001b[36m</li>\u001b[39m\n          \u001b[36m<li>\u001b[39m\n            \u001b[0m✓ Base64 encoding for safe transfer\u001b[0m\n          \u001b[36m</li>\u001b[39m\n          \u001b[36m<li>\u001b[39m\n            \u001b[0m✓ View compression statistics\u001b[0m\n          \u001b[36m</li>\u001b[39m\n          \u001b[36m<li>\u001b[39m\n            \u001b[0m✓ Switch between compress and decompress modes\u001b[0m\n          \u001b[36m</li>\u001b[39m\n        \u001b[36m</ul>\u001b[39m\n      \u001b[36m</div>\u001b[39m\n    \u001b[36m</div>\u001b[39m\n  \u001b[36m</div>\u001b[39m\n\u001b[36m</body>\u001b[39m\n    at Object.getElementError (/Users/dailh/Desktop/code/electron/app/node_modules/@testing-library/dom/dist/config.js:37:19)\n    at getElementError (/Users/dailh/Desktop/code/electron/app/node_modules/@testing-library/dom/dist/query-helpers.js:20:35)\n    at getMultipleElementsFoundError (/Users/dailh/Desktop/code/electron/app/node_modules/@testing-library/dom/dist/query-helpers.js:23:10)\n    at /Users/dailh/Desktop/code/electron/app/node_modules/@testing-library/dom/dist/query-helpers.js:55:13\n    at /Users/dailh/Desktop/code/electron/app/node_modules/@testing-library/dom/dist/query-helpers.js:95:19\n    at /Users/dailh/Desktop/code/electron/app/src/test/GzipEncoder.test.tsx:30:32\n    at file:///Users/dailh/Desktop/code/electron/app/node_modules/@vitest/runner/dist/index.js:145:11\n    at file:///Users/dailh/Desktop/code/electron/app/node_modules/@vitest/runner/dist/index.js:915:26\n    at file:///Users/dailh/Desktop/code/electron/app/node_modules/@vitest/runner/dist/index.js:1243:20\n    at new Promise (<anonymous>)"],"meta":{}},{"ancestorTitles":["GzipEncoder"],"fullName":"GzipEncoder switches between compress and decompress modes","status":"failed","title":"switches between compress and decompress modes","duration":79.71791700000017,"failureMessages":["AssertionError: expected 'px-4 py-2 bg-purple-600 text-white ro…' to match /bg-blue-600/\n    at /Users/dailh/Desktop/code/electron/app/src/test/GzipEncoder.test.tsx:39:37\n    at file:///Users/dailh/Desktop/code/electron/app/node_modules/@vitest/runner/dist/index.js:145:11\n    at file:///Users/dailh/Desktop/code/electron/app/node_modules/@vitest/runner/dist/index.js:915:26\n    at file:///Users/dailh/Desktop/code/electron/app/node_modules/@vitest/runner/dist/index.js:1243:20\n    at new Promise (<anonymous>)\n    at runWithTimeout (file:///Users/dailh/Desktop/code/electron/app/node_modules/@vitest/runner/dist/index.js:1209:10)\n    at file:///Users/dailh/Desktop/code/electron/app/node_modules/@vitest/runner/dist/index.js:1653:37\n    at Traces.$ (file:///Users/dailh/Desktop/code/electron/app/node_modules/vitest/dist/chunks/traces.CCmnQaNT.js:142:27)\n    at trace (file:///Users/dailh/Desktop/code/electron/app/node_modules/vitest/dist/chunks/test.B8ej_ZHS.js:239:21)\n    at runTest (file:///Users/dailh/Desktop/code/electron/app/node_modules/@vitest/runner/dist/index.js:1653:12)"],"meta":{}},{"ancestorTitles":["GzipEncoder"],"fullName":"GzipEncoder compresses text and produces base64 output","status":"failed","title":"compresses text and produces base64 output","duration":195.92054199999984,"failureMessages":["TestingLibraryElementError: Unable to find an accessible element with the role \"button\" and name `/Process/i`\n\nHere are the accessible roles:\n\n  heading:\n\n  Name \"Gzip Encoder/Decoder\":\n  \u001b[36m<h3\u001b[39m\n    \u001b[33mclass\u001b[39m=\u001b[32m\"text-lg font-semibold text-gray-900 mb-2\"\u001b[39m\n  \u001b[36m/>\u001b[39m\n\n  --------------------------------------------------\n  paragraph:\n\n  Name \"\":\n  \u001b[36m<p\u001b[39m\n    \u001b[33mclass\u001b[39m=\u001b[32m\"text-sm text-gray-600\"\u001b[39m\n  \u001b[36m/>\u001b[39m\n\n  Name \"\":\n  \u001b[36m<p\u001b[39m\n    \u001b[33mclass\u001b[39m=\u001b[32m\"text-xs font-semibold text-blue-900 mb-2\"\u001b[39m\n  \u001b[36m/>\u001b[39m\n\n  --------------------------------------------------\n  button:\n\n  Name \"Compress\":\n  \u001b[36m<button\u001b[39m\n    \u001b[33mclass\u001b[39m=\u001b[32m\"px-4 py-2 bg-blue-600 text-white rounded-lg hover:bg-blue-700 font-medium transition-colors flex items-center gap-2\"\u001b[39m\n  \u001b[36m/>\u001b[39m\n\n  Name \"Switch to Decompress\":\n  \u001b[36m<button\u001b[39m\n    \u001b[33mclass\u001b[39m=\u001b[32m\"px-4 py-2 bg-purple-600 text-white rounded-lg hover:bg-purple-700 font-medium transition-colors flex items-center gap-2\"\u001b[39m\n  \u001b[36m/>\u001b[39m\n\n  Name \"Reset\":\n  \u001b[36m<button\u001b[39m\n    \u001b[33mclass\u001b[39m=\u001b[32m\"px-4 py-2 bg-gray-200 text-gray-700 rounded-lg hover:bg-gray-300 font-medium transition-colors flex items-center gap-2\"\u001b[39m\n  \u001b[36m/>\u001b[39m\n\n  --------------------------------------------------\n  textbox:\n\n  Name \"\":\n  \u001b[36m<textarea\u001b[39m\n    \u001b[33mclass\u001b[39m=\u001b[32m\"flex-1 p-4 font-mono text-sm resize-none focus:outline-none\"\u001b[39m\n    \u001b[33mplaceholder\u001b[39m=\u001b[32m\"Enter text to compress...\"\u001b[39m\n  \u001b[36m/>\u001b[39m\n\n  Name \"\":\n  \u001b[36m<textarea\u001b[39m\n    \u001b[33mclass\u001b[39m=\u001b[32m\"flex-1 p-4 font-mono text-sm resize-none focus:outline-none text-gray-700 bg-gray-50\"\u001b[39m\n    \u001b[33mplaceholder\u001b[39m=\u001b[32m\"Compressed output will appear here...\"\u001b[39m\n    \u001b[33mreadonly\u001b[39m=\u001b[32m\"\"\u001b[39m\n  \u001b[36m/>\u001b[39m\n\n  --------------------------------------------------\n  list:\n\n  Name \"\":\n  \u001b[36m<ul\u001b[39m\n    \u001b[33mclass\u001b[39m=\u001b[32m\"text-xs text-blue-800 space-y-1\"\u001b[39m\n  \u001b[36m/>\u001b[39m\n\n  --------------------------------------------------\n  listitem:\n\n  Name \"\":\n  \u001b[36m<li />\u001b[39m\n\n  Name \"\":\n  \u001b[36m<li />\u001b[39m\n\n  Name \"\":\n  \u001b[36m<li />\u001b[39m\n\n  Name \"\":\n  \u001b[36m<li />\u001b[39m\n\n  Name \"\":\n  \u001b[36m<li />\u001b[39m\n\n  --------------------------------------------------\n\nIgnored nodes: comments, script, style\n\u001b[36m<body>\u001b[39m\n  \u001b[36m<div>\u001b[39m\n    \u001b[36m<div\u001b[39m\n      \u001b[33mclass\u001b[39m=\u001b[32m\"h-full flex flex-col p-6 bg-gray-50\"\u001b[39m\n    \u001b[36m>\u001b[39m\n      \u001b[36m<div\u001b[39m\n        \u001b[33mclass\u001b[39m=\u001b[32m\"mb-6\"\u001b[39m\n      \u001b[36m>\u001b[39m\n        \u001b[36m<h3\u001b[39m\n          \u001b[33mclass\u001b[39m=\u001b[32m\"text-lg font-semibold text-gray-900 mb-2\"\u001b[39m\n        \u001b[36m>\u001b[39m\n          \u001b[0mGzip Encoder/Decoder\u001b[0m\n        \u001b[36m</h3>\u001b[39m\n        \u001b[36m<p\u001b[39m\n          \u001b[33mclass\u001b[39m=\u001b[32m\"text-sm text-gray-600\"\u001b[39m\n        \u001b[36m>\u001b[39m\n          \u001b[0mCompress text using gzip compression or decompress gzip data. Output is base64-encoded for easy transfer.\u001b[0m\n        \u001b[36m</p>\u001b[39m\n      \u001b[36m</div>\u001b[39m\n      \u001b[36m<div\u001b[39m\n        \u001b[33mclass\u001b[39m=\u001b[32m\"flex gap-3 mb-6\"\u001b[39m\n      \u001b[36m>\u001b[39m\n        \u001b[36m<button\u001b[39m\n          \u001b[33mclass\u001b[39m=\u001b[32m\"px-4 py-2 bg-blue-600 text-white rounded-lg hover:bg-blue-700 font-medium transition-colors flex items-center gap-2\"\u001b[39m\n        \u001b[36m>\u001b[39m\n          \u001b[0mCompress\u001b[0m\n        \u001b[36m</button>\u001b[39m\n        \u001b[36m<button\u001b[39m\n          \u001b[33mclass\u001b[39m=\u001b[32m\"px-4 py-2 bg-purple-600 text-white rounded-lg hover:bg-purple-700 font-medium transition-colors flex items-center gap-2\"\u001b[39m\n        \u001b[36m>\u001b[39m\n          \u001b[36m<svg\u001b[39m\n            \u001b[33maria-hidden\u001b[39m=\u001b[32m\"true\"\u001b[39m\n            \u001b[33mclass\u001b[39m=\u001b[32m\"lucide lucide-refresh-cw w-4 h-4\"\u001b[39m\n            \u001b[33mfill\u001b[39m=\u001b[32m\"none\"\u001b[39m\n            \u001b[33mheight\u001b[39m=\u001b[32m\"24\"\u001b[39m\n            \u001b[33mstroke\u001b[39m=\u001b[32m\"currentColor\"\u001b[39m\n            \u001b[33mstroke-linecap\u001b[39m=\u001b[32m\"round\"\u001b[39m\n            \u001b[33mstroke-linejoin\u001b[39m=\u001b[32m\"round\"\u001b[39m\n            \u001b[33mstroke-width\u001b[39m=\u001b[32m\"2\"\u001b[39m\n            \u001b[33mviewBox\u001b[39m=\u001b[32m\"0 0 24 24\"\u001b[39m\n            \u001b[33mwidth\u001b[39m=\u001b[32m\"24\"\u001b[39m\n            \u001b[33mxmlns\u001b[39m=\u001b[32m\"http://www.w3.org/2000/svg\"\u001b[39m\n          \u001b[36m>\u001b[39m\n            \u001b[36m<path\u001b[39m\n              \u001b[33md\u001b[39m=\u001b[32m\"M3 12a9 9 0 0 1 9-9 9.75 9.75 0 0 1 6.74 2.74L21 8\"\u001b[39m\n            \u001b[36m/>\u001b[39m\n            \u001b[36m<path\u001b[39m\n              \u001b[33md\u001b[39m=\u001b[32m\"M21 3v5h-5\"\u001b[39m\n            \u001b[36m/>\u001b[39m\n            \u001b[36m<path\u001b[39m\n              \u001b[33md\u001b[39m=\u001b[32m\"M21 12a9 9 0 0 1-9 9 9.75 9.75 0 0 1-6.74-2.74L3 16\"\u001b[39m\n            \u001b[36m/>\u001b[39m\n            \u001b[36m<path\u001b[39m\n              \u001b[33md\u001b[39m=\u001b[32m\"M8 16H3v5\"\u001b[39m\n            \u001b[36m/>\u001b[39m\n          \u001b[36m</svg>\u001b[39m\n          \u001b[0mSwitch to \u001b[0m\n          \u001b[0mDecompress\u001b[0m\n        \u001b[36m</button>\u001b[39m\n        \u001b[36m<button\u001b[39m\n          \u001b[33mclass\u001b[39m=\u001b[32m\"px-4 py-2 bg-gray-200 text-gray-700 rounded-lg hover:bg-gray-300 font-medium transition-colors flex items-center gap-2\"\u001b[39m\n        \u001b[36m>\u001b[39m\n          \u001b[
[...]
6m<svg\u001b[39m\n            \u001b[33maria-hidden\u001b[39m=\u001b[32m\"true\"\u001b[39m\n            \u001b[33mclass\u001b[39m=\u001b[32m\"lucide lucide-refresh-cw w-4 h-4\"\u001b[39m\n            \u001b[33mfill\u001b[39m=\u001b[32m\"none\"\u001b[39m\n            \u001b[33mheight\u001b[39m=\u001b[32m\"24\"\u001b[39m\n            \u001b[33mstroke\u001b[39m=\u001b[32m\"currentColor\"\u001b[39m\n            \u001b[33mstroke-linecap\u001b[39m=\u001b[32m\"round\"\u001b[39m\n            \u001b[33mstroke-linejoin\u001b[39m=\u001b[32m\"round\"\u001b[39m\n            \u001b[33mstroke-width\u001b[39m=\u001b[32m\"2\"\u001b[39m\n            \u001b[33mviewBox\u001b[39m=\u001b[32m\"0 0 24 24\"\u001b[39m\n            \u001b[33mwidth\u001b[39m=\u001b[32m\"24\"\u001b[39m\n            \u001b[33mxmlns\u001b[39m=\u001b[32m\"http://www.w3.org/2000/svg\"\u001b[39m\n          \u001b[36m>\u001b[39m\n            \u001b[36m<path\u001b[39m\n              \u001b[33md\u001b[39m=\u001b[32m\"M3 12a9 9 0 0 1 9-9 9.75 9.75 0 0 1 6.74 2.74L21 8\"\u001b[39m\n            \u001b[36m/>\u001b[39m\n            \u001b[36m<path\u001b[39m\n              \u001b[33md\u001b[39m=\u001b[32m\"M21 3v5h-5\"\u001b[39m\n            \u001b[36m/>\u001b[39m\n            \u001b[36m<path\u001b[39m\n              \u001b[33md\u001b[39m=\u001b[32m\"M21 12a9 9 0 0 1-9 9 9.75 9.75 0 0 1-6.74-2.74L3 16\"\u001b[39m\n            \u001b[36m/>\u001b[39m\n            \u001b[36m<path\u001b[39m\n              \u001b[33md\u001b[39m=\u001b[32m\"M8 16H3v5\"\u001b[39m\n            \u001b[36m/>\u001b[39m\n          \u001b[36m</svg>\u001b[39m\n          \u001b[0mReset\u001b[0m\n        \u001b[36m</button>\u001b[39m\n      \u001b[36m</div>\u001b[39m\n      \u001b[36m<div\u001b[39m\n        \u001b[33mclass\u001b[39m=\u001b[32m\"flex-1 grid grid-cols-2 gap-6 overflow-hidden\"\u001b[39m\n      \u001b[36m>\u001b[39m\n        \u001b[36m<div\u001b[39m\n          \u001b[33mclass\u001b[39m=\u001b[32m\"flex flex-col bg-white rounded-lg border border-gray-300 overflow-hidden shadow-sm\"\u001b[39m\n        \u001b[36m>\u001b[39m\n          \u001b[36m<div\u001b[39m\n            \u001b[33mclass\u001b[39m=\u001b[32m\"px-4 py-3 border-b border-gray-200 bg-gray-50\"\u001b[39m\n          \u001b[36m>\u001b[39m\n            \u001b[36m<label\u001b[39m\n              \u001b[33mclass\u001b[39m=\u001b[32m\"text-sm font-medium text-gray-700\"\u001b[39m\n            \u001b[36m>\u001b[39m\n              \u001b[0mSVG Input\u001b[0m\n            \u001b[36m</label>\u001b[39m\n          \u001b[36m</div>\u001b[39m\n          \u001b[36m<textarea\u001b[39m\n            \u001b[33mclass\u001b[39m=\u001b[32m\"flex-1 p-4 font-mono text-sm resize-none focus:outline-none\"\u001b[39m\n            \u001b[33mplaceholder\u001b[39m=\u001b[32m\"Paste your SVG here...\n\nExample:\n<svg viewBox=\\\"0 0 24 24\\\">\n  <circle cx=\\\"12\\\" cy=\\\"12\\\" r=\\\"10\\\" />\n</svg>\"\u001b[39m\n          \u001b[36m/>\u001b[39m\n        \u001b[36m</div>\u001b[39m\n        \u001b[36m<div\u001b[39m\n          \u001b[33mclass\u001b[39m=\u001b[32m\"flex flex-col bg-white rounded-lg border border-gray-300 overflow-hidden shadow-sm\"\u001b[39m\n        \u001b[36m>\u001b[39m\n          \u001b[36m<div\u001b[39m\n            \u001b[33mclass\u001b[39m=\u001b[32m\"px-4 py-3 border-b border-gray-200 bg-gray-50 flex items-center justify-between\"\u001b[39m\n          \u001b[36m>\u001b[39m\n            \u001b[36m<label\u001b[39m\n              \u001b[33mclass\u001b[39m=\u001b[32m\"text-sm font-medium text-gray-700\"\u001b[39m\n            \u001b[36m>\u001b[39m\n              \u001b[0mJSX Output\u001b[0m\n            \u001b[36m</label>\u001b[39m\n          \u001b[36m</div>\u001b[39m\n          \u001b[36m<textarea\u001b[39m\n            \u001b[33mclass\u001b[39m=\u001b[32m\"flex-1 p-4 font-mono text-sm resize-none focus:outline-none bg-gray-50 text-gray-700\"\u001b[39m\n            \u001b[33mplaceholder\u001b[39m=\u001b[32m\"JSX output will appear here...\"\u001b[39m\n            \u001b[33mreadonly\u001b[39m=\u001b[32m\"\"\u001b[39m\n          \u001b[36m/>\u001b[39m\n        \u001b[36m</div>\u001b[39m\n      \u001b[36m</div>\u001b[39m\n      \u001b[36m<div\u001b[39m\n        \u001b[33mclass\u001b[39m=\u001b[32m\"mt-6 p-4 bg-blue-50 border border-blue-200 rounded-lg\"\u001b[39m\n      \u001b[36m>\u001b[39m\n        \u001b[36m<p\u001b[39m\n          \u001b[33mclass\u001b[39m=\u001b[32m\"text-xs font-semibold text-blue-900 mb-2\"\u001b[39m\n        \u001b[36m>\u001b[39m\n          \u001b[0mConversions Applied:\u001b[0m\n        \u001b[36m</p>\u001b[39m\n        \u001b[36m<ul\u001b[39m\n          \u001b[33mclass\u001b[39m=\u001b[32m\"text-xs text-blue-800 space-y-1\"\u001b[39m\n        \u001b[36m>\u001b[39m\n          \u001b[36m<li>\u001b[39m\n            \u001b[0m✓ Removes XML declarations\u001b[0m\n          \u001b[36m</li>\u001b[39m\n          \u001b[36m<li>\u001b[39m\n            \u001b[0m✓ Removes namespace prefixes\u001b[0m\n          \u001b[36m</li>\u001b[39m\n          \u001b[36m<li>\u001b[39m\n            \u001b[0m✓ onclick → onClick (camelCase events)\u001b[0m\n          \u001b[36m</li>\u001b[39m\n          \u001b[36m<li>\u001b[39m\n            \u001b[0m✓ xlink:href → xlinkHref\u001b[0m\n          \u001b[36m</li>\u001b[39m\n          \u001b[36m<li>\u001b[39m\n            \u001b[0m✓ style strings → objects\u001b[0m\n          \u001b[36m</li>\u001b[39m\n          \u001b[36m<li>\u001b[39m\n            \u001b[0m✓ Self-closing tags formatted\u001b[0m\n          \u001b[36m</li>\u001b[39m\n        \u001b[36m</ul>\u001b[39m\n      \u001b[36m</div>\u001b[39m\n    \u001b[36m</div>\u001b[39m\n  \u001b[36m</div>\u001b[39m\n\u001b[36m</body>\u001b[39m\n    at Object.getElementError (/Users/dailh/Desktop/code/electron/app/node_modules/@testing-library/dom/dist/config.js:37:19)\n    at /Users/dailh/Desktop/code/electron/app/node_modules/@testing-library/dom/dist/query-helpers.js:76:38\n    at /Users/dailh/Desktop/code/electron/app/node_modules/@testing-library/dom/dist/query-helpers.js:52:17\n    at /Users/dailh/Desktop/code/electron/app/node_modules/@testing-library/dom/dist/query-helpers.js:95:19\n    at /Users/dailh/Desktop/code/electron/app/src/test/SvgToJsx.test.tsx:18:19\n    at file:///Users/dailh/Desktop/code/electron/app/node_modules/@vitest/runner/dist/index.js:145:11\n    at file:///Users/dailh/Desktop/code/electron/app/node_modules/@vitest/runner/dist/index.js:915:26\n    at file:///Users/dailh/Desktop/code/electron/app/node_modules/@vitest/runner/dist/index.js:1243:20\n    at new Promise (<anonymous>)\n    at runWithTimeout (file:///Users/dailh/Desktop/code/electron/app/node_modules/@vitest/runner/dist/index.js:1209:10)"],"meta":{}},{"ancestorTitles":["SvgToJsx"],"fullName":"SvgToJsx displays SVG input textarea","status":"passed","title":"displays SVG input textarea","duration":133.35474999999997,"failureMessages":[],"meta":{}},{"ancestorTitles":["SvgToJsx"],"fullName":"SvgToJsx displays JSX output area","status":"passed","title":"displays JSX output area","duration":27.646667000000093,"failureMessages":[],"meta":{}},{"ancestorTitles":["SvgToJsx"],"fullName":"SvgToJsx converts SVG to JSX format","status":"passed","title":"converts SVG to JSX format","duration":31.010042,"failureMessages":[],"meta":{}},{"ancestorTitles":["SvgToJsx"],"fullName":"SvgToJsx converts SVG attributes to camelCase","status":"passed","title":"converts SVG attributes to camelCase","duration":31.566417,"failureMessages":[],"meta":{}},{"ancestorTitles":["SvgToJsx"],"fullName":"SvgToJsx handles SVG paths","status":"passed","title":"handles SVG paths","duration":24.404249999999934,"failureMessages":[],"meta":{}},{"ancestorTitles":["SvgToJsx"],"fullName":"SvgToJsx handles SVG text elements","status":"passed","title":"handles SVG text elements","duration":22.38600000000008,"failureMessages":[],"meta":{}},{"ancestorTitles":["SvgToJsx"],"fullName":"SvgToJsx converts class to className","status":"failed","title":"converts class to className","duration":21.536708999999973,"failureMessages":["AssertionError: expected '' to match /className/\n    at /Users/dailh/Desktop/code/electron/app/src/test/SvgToJsx.test.tsx:73:29\n    at file:///Users/dailh/Desktop/code/electron/app/node_modules/@vitest/runner/dist/index.js:145:11\n    at file:///Users/dailh/Desktop/code/electron/app/node_modules/@vitest/runner/dist/index.js:915:26\n    at file:///Users/dailh/Desktop/code/electron/app/node_modules/@vitest/runner/dist/index.js:1243:20\n    at new Promise (<anonymous>)\n    at runWithTimeout (file:///Users/dailh/Desktop/code/electron/app/node_modules/@vitest/runner/dist/index.js:1209:10)\n    at file:///Users/dailh/Desktop/code/electron/app/node_modules/@vitest/runner/dist/index.js:1653:37\n    at Traces.$ (file:///Users/dailh/Desktop/code/electron/app/node_modules/vitest/dist/chunks/traces.CCmnQaNT.js:142:27)\n    at trace (file:///Users/dailh/Desktop/code/electron/app/node_modules/vitest/dist/chunks/test.B8ej_ZHS.js:239:21)\n    at runTest (file:///Users/dailh/Desktop/code/electron/app/node_modules/@vitest/runner/dist/index.js:1653:12)"],"meta":{}},{"ancestorTitles":["SvgToJsx"],"fullName":"SvgToJsx copies output to clipboard","status":"passed","title":"copies output to clipboard","duration":45.265957999999955,"failureMessages":[],"meta":{}},{"ancestorTitles":["SvgToJsx"],"fullName":"SvgToJsx resets when reset button clicked","status":"passed","title":"resets when reset button clicked","duration":42.93616699999984,"failureMessages":[],"meta":{}},{"ancestorTitles":["SvgToJsx"],"fullName":"SvgToJsx handles complex SVG with groups","status":"passed","title":"handles complex SVG with groups","duration":36.49458299999992,"failureMessages":[],"meta":{}}],"startTime":1774498144522,"endTime":1774498144975.4946,"status":"failed","message":"","name":"/Users/dailh/Desktop/code/electron/app/src/test/SvgToJsx.test.tsx"},{"assertionResults":[{"ancestorTitles":["TextDiff"],"fullName":"TextDiff renders without crashing","status":"passed","title":"renders without crashing","duration":37.755499999999984,"failureMessages":[],"meta":{}},{"ancestorTitles":["TextDiff"],"fullName":"TextDiff shows placeholder before comparing","status":"passed","title":"shows placeholder before comparing","duration":4.5623749999999745,"failureMessages":[],"meta":{}},{"ancestorTitles":["TextDiff"],"fullName":"TextDiff shows diff stats after comparing","status":"passed","title":"shows diff stats after comparing","duration":203.358875,"failureMessages":[],"meta":{}},{"ancestorTitles":["TextDiff"],"fullName":"TextDiff shows no removals when modified is a superset","status":"passed","title":"shows no removals when modified is a superset","duration":89.80874999999992,"failureMessages":[],"meta":{}},{"ancestorTitles":["TextDiff"],"fullName":"TextDiff shows no additions when modified removes a line","status":"passed","title":"shows no additions when modified removes a line","duration":91.71604200000002,"failureMessages":[],"meta":{}},{"ancestorTitles":["TextDiff"],"fullName":"TextDiff shows all unchanged when texts are identical","status":"passed","title":"shows all unchanged when texts are identical","duration":46.053042000000005,"failureMessages":[],"meta":{}},{"ancestorTitles":["TextDiff"],"fullName":"TextDiff can switch to split view","status":"passed","title":"can switch to split view","duration":109.38400000000001,"failureMessages":[],"meta":{}},{"ancestorTitles":["TextDiff"],"fullName":"TextDiff resets all state when Reset is clicked","status":"passed","title":"resets all state when Reset is clicked","duration":94.26329199999986,"failureMessages":[],"meta":{}},{"ancestorTitles":["TextDiff"],"fullName":"TextDiff copies patch to clipboard when Copy patch is clicked","status":"passed","title":"copies patch to clipboard when Copy patch is clicked","duration":63.01537499999995,"failureMessages":[],"meta":{}},{"ancestorTitles":["TextDiff"],"fullName":"TextDiff shows copied feedback and reverts after timeout","status":"passed","title":"shows copied feedback and reverts after timeout","duration":109.52591699999994,"failureMessages":[],"meta":{}}],"startTime":1774498149255,"endTime":1774498150105.526,"status":"passed","message":"","name":"/Users/dailh/Desktop/code/electron/app/src/test/TextDiff.test.tsx"},{"assertionResults":[{"ancestorTitles":["UrlEncoder"],"fullName":"UrlEncoder renders without crashing","status":"passed","title":"renders without crashing","duration":34.52708300000006,"failureMessages":[],"meta":{}},{"ancestorTitles":["UrlEncoder"],"fullName":"UrlEncoder starts in encode mode","status":"passed","title":"starts in encode mode","duration":121.52304100000003,"failureMessages":[],"meta":{}},{"ancestorTitles":["UrlEncoder"],"fullName":"UrlEncoder encodes a URL with special characters","status":"passed","title":"encodes a URL with special characters","duration":138.80787499999997,"failureMessages":[],"meta":{}},{"ancestorTitles":["UrlEncoder"],"fullName":"UrlEncoder shows an empty output when input is blank","status":"passed","title":"shows an empty output when input is blank","duration":42.49462499999993,"failureMessages":[],"meta":{}},{"ancestorTitles":["UrlEncoder"],"fullName":"UrlEncoder switches to decode mode and decodes a percent-encoded string","status":"passed","title":"switches to decode mode and decodes a percent-encoded string","duration":141.20154200000002,"failureMessages":[],"meta":{}},{"ancestorTitles":["UrlEncoder"],"fullName":"UrlEncoder shows an error for an invalid percent-encoded string","status":"passed","title":"shows an error for an invalid percent-encoded string","duration":56.01579199999992,"failureMessages":[],"meta":{}},{"ancestorTitles":["UrlEncoder"],"fullName":"UrlEncoder swaps input and output when switching modes","status":"passed","title":"swaps input and output when switching modes","duration":74.9470409999999,"failureMessages":[],"meta":{}},{"ancestorTitles":["UrlEncoder"],"fullName":"UrlEncoder resets all fields when Reset is clicked","status":"passed","title":"resets all fields when Reset is clicked","duration":101.76262499999984,"failureMessages":[],"meta":{}},{"ancestorTitles":["UrlEncoder"],"fullName":"UrlEncoder copies output to clipboard when Copy is clicked","status":"passed","title":"copies output to clipboard when Copy is clicked","duration":99.79816699999992,"failureMessages":[],"meta":{}}],"startTime":1774498148673,"endTime":1774498149483.798,"status":"passed","message":"","name":"/Users/dailh/Desktop/code/electron/app/src/test/UrlEncoder.test.tsx"},{"assertionResults":[{"ancestorTitles":["UuidGenerator"],"fullName":"UuidGenerator renders without crashing","status":"passed","title":"renders without crashing","duration":33.53699999999992,"failureMessages":[],"meta":{}},{"ancestorTitles":["UuidGenerator"],"fullName":"UuidGenerator shows all version buttons","status":"passed","title":"shows all version buttons","duration":189.99533300000007,"failureMessages":[],"meta":{}},{"ancestorTitles":["UuidGenerator"],"fullName":"UuidGenerator defaults to v4 version with quantity 1","status":"passed","title":"defaults to v4 version with quantity 1","duration":55.37633299999993,"failureMessages":[],"meta":{}},{"ancestorTitles":["UuidGenerator"],"fullName":"UuidGenerator shows features section before generating","status":"passed","title":"shows features section before generating","duration":8.538625000000025,"failureMessages":[],"meta":{}},{"ancestorTitles":["UuidGenerator"],"fullName":"UuidGenerator hides features section and shows output after generating","status":"passed","title":"hides features section and shows output after generating","duration":48.859290999999985,"failureMessages":[],"meta":{}},{"ancestorTitles":["UuidGenerator"],"fullName":"UuidGenerator generates a v4 UUID with hyphens by default","status":"passed","title":"generates a v4 UUID with hyphens by default","duration":46.22245799999996,"failureMessages":[],"meta":{}},{"ancestorTitles":["UuidGenerator"],"fullName":"UuidGenerator generates multiple UUIDs with correct count","status":"passed","title":"generates multiple UUIDs with correct count","duration":77.73125000000005,"failureMessages":[],"meta":{}},{"ancestorTitles":["UuidGenerator"],"fullName":"UuidGenerator switches to v1 version and generates timestamp-based UUID","status":"passed","title":"switches to v1 version and generates timestamp-based UUID","duration":126.05429200000003,"failureMessages":[],"meta":{}},{"ancestorTitles":["UuidGenerator"],"fullName":"UuidGenerator switches to nil version and generates nil UUID","status":"passed","title":"switches to nil version and generates nil UUID","duration":116.17225000000008,"failureMessages":[],"meta":{}},{"ancestorTitles":["UuidGenerator"],"fullName":"UuidGenerator applies uppercase formatting when checked","status":"passed","title":"applies uppercase formatting when checked","duration":62.40441600000008,"failureMessages":[],"meta":{}},{"ancestorTitles":["UuidGenerator"],"fullName":"UuidGenerator removes hyphens when unchecked","status":"passed","title":"removes hyphens when unchecked","duration":61.13570800000002,"failureMessages":[],"meta":{}},{"ancestorTitles":["UuidGenerator"],"fullName":"UuidGenerator applies both uppercase and removes hyphens","status":"passed","title":"applies both uppercase and removes hyphens","duration":77.06504199999995,"failureMessages":[],"meta":{}},{"ancestorTitles":["UuidGenerator"],"fullName":"UuidGenerator clamps quantity to 1 when set to 0","status":"passed","title":"clamps quantity to 1 when set to 0","duration":42.97550000000001,"failureMessages":[],"meta":{}},{"ancestorTitles":["UuidGenerator"],"fullName":"UuidGenerator clamps quantity to 500 max","status":"passed","title":"clamps quantity to 500 max","duration":234.18312500000002,"failureMessages":[],"meta":{}},{"ancestorTitles":["UuidGenerator"],"fullName":"UuidGenerator copies all UUIDs to clipboard","status":"passed","title":"copies all UUIDs to clipboard","duration":94.72112500000003,"failureMessages":[],"meta":{}},{"ancestorTitles":["UuidGenerator"],"fullName":"UuidGenerator shows \"Copied!\" after copying all and reverts after 2 seconds","status":"passed","title":"shows \"Copied!\" after copying all and reverts after 2 seconds","duration":153.0446669999999,"failureMessages":[],"meta":{}},{"ancestorTitles":["UuidGenerator"],"fullName":"UuidGenerator copies single UUID when hovering and clicking individual copy button","status":"passed","title":"copies single UUID when hovering and clicking individual copy button","duration":46.23879100000022,"failureMessages":[],"meta":{}},{"ancestorTitles":["UuidGenerator"],"fullName":"UuidGenerator does not show output section before generating","status":"passed","title":"does not show output section before generating","duration":2.667457999999897,"failureMessages":[],"meta":{}},{"ancestorTitles":["UuidGenerator"],"fullName":"UuidGenerator resets all fields when reset button is clicked","status":"passed","title":"resets all fields when reset button is clicked","duration":240.9222080000004,"failureMessages":[],"meta":{}},{"ancestorTitles":["UuidGenerator"],"fullName":"UuidGenerator formats UUID correctly with all options applied","status":"passed","title":"formats UUID correctly with all options applied","duration":105.0954999999999,"failureMessages":[],"meta":{}},{"ancestorTitles":["UuidGenerator"],"fullName":"UuidGenerator displays singular/plural \"UUID\" label correctly","status":"passed","title":"displays singular/plural \"UUID\" label correctly","duration":100.67066700000032,"failureMessages":[],"meta":{}},{"ancestorTitles":["UuidGenerator"],"fullName":"UuidGenerator preserves UUID list when copy is clicked","status":"passed","title":"preserves UUID list when copy is clicked","duration":88.2294579999998,"failureMessages":[],"meta":{}}],"startTime":1774498146439,"endTime":1774498148451.2295,"status":"passed","message":"","name":"/Users/dailh/Desktop/code/electron/app/src/test/UuidGenerator.test.tsx"}]}